#
# There is insufficient memory for the Java Runtime Environment to continue.
# Native memory allocation (malloc) failed to allocate 32744 bytes for ChunkPool::allocate
# Possible reasons:
#   The system is out of physical RAM or swap space
#   The process is running with CompressedOops enabled, and the Java Heap may be blocking the growth of the native heap
# Possible solutions:
#   Reduce memory load on the system
#   Increase physical memory or swap space
#   Check if swap backing store is full
#   Decrease Java heap size (-Xmx/-Xms)
#   Decrease number of Java threads
#   Decrease Java thread stack sizes (-Xss)
#   Set larger code cache with -XX:ReservedCodeCacheSize=
#   JVM is running with Unscaled Compressed Oops mode in which the Java heap is
#     placed in the first 4GB address space. The Java Heap base address is the
#     maximum limit for the native heap growth. Please use -XX:HeapBaseMinAddress
#     to set the Java Heap base and to place the Java Heap above 4GB virtual address.
# This output file may be truncated or incomplete.
#
#  Out of Memory Error (arena.cpp:79), pid=8580, tid=10664
#
# JRE version: OpenJDK Runtime Environment (16.0.2+7) (build 16.0.2+7-67)
# Java VM: OpenJDK 64-Bit Server VM (16.0.2+7-67, mixed mode, tiered, compressed oops, compressed class ptrs, g1 gc, windows-amd64)
# No core dump will be written. Minidumps are not enabled by default on client versions of Windows
#

---------------  S U M M A R Y ------------

Command Line: -Dfile.encoding=UTF-8 -XX:+ShowCodeDetailsInExceptionMessages org.generation.blogPessoal.BlogPessoalApplication

Host: Intel(R) Core(TM) i5-7200U CPU @ 2.50GHz, 4 cores, 7G,  Windows 10 , 64 bit Build 19041 (10.0.19041.1151)
Time: Mon Sep 13 10:57:27 2021 Hora oficial do Brasil elapsed time: 183.164051 seconds (0d 0h 3m 3s)

---------------  T H R E A D  ---------------

Current thread (0x000001ea68f416d0):  JavaThread "C2 CompilerThread1" daemon [_thread_in_native, id=10664, stack(0x0000003ee1400000,0x0000003ee1500000)]


Current CompileTask:
C2: 183164 7314       4       java.util.HashMap::computeIfAbsent (330 bytes)

Stack: [0x0000003ee1400000,0x0000003ee1500000]
Native frames: (J=compiled Java code, j=interpreted, Vv=VM code, C=native code)
V  [jvm.dll+0x6681ca]
V  [jvm.dll+0x7c9e69]
V  [jvm.dll+0x7cb61e]
V  [jvm.dll+0x7cbc73]
V  [jvm.dll+0x242c55]
V  [jvm.dll+0xae10f]
V  [jvm.dll+0xae45c]
V  [jvm.dll+0xadfcb]
V  [jvm.dll+0x7b3c38]
V  [jvm.dll+0x21cc83]
V  [jvm.dll+0x68bbe1]
V  [jvm.dll+0x214e73]
V  [jvm.dll+0x1a1beb]
V  [jvm.dll+0x225158]
V  [jvm.dll+0x22319c]
V  [jvm.dll+0x77fa62]
V  [jvm.dll+0x7795aa]
V  [jvm.dll+0x667066]
C  [ucrtbase.dll+0x21bb2]
C  [KERNEL32.DLL+0x17034]
C  [ntdll.dll+0x52651]


---------------  P R O C E S S  ---------------

Threads class SMR info:
_java_thread_list=0x000001ea6e1a9310, length=24, elements={
0x000001ea66ce9010, 0x000001ea66ce9aa0, 0x000001ea66d13490, 0x000001ea66d139b0,
0x000001ea6780a0a0, 0x000001ea67813040, 0x000001ea67813e10, 0x000001ea67814370,
0x000001ea678249a0, 0x000001ea678105c0, 0x000001ea67810070, 0x000001ea67810b10,
0x000001ea67812050, 0x000001ea6c6ff550, 0x000001ea6c6fdac0, 0x000001ea6c6f9060,
0x000001ea6c6fc030, 0x000001ea6c6ffaa0, 0x000001ea6c6fe010, 0x000001ea6c6ff000,
0x000001ea6c6fe560, 0x000001ea6c6ffff0, 0x000001ea6c6fcad0, 0x000001ea68f416d0
}

Java Threads: ( => current thread )
  0x000001ea66ce9010 JavaThread "Reference Handler" daemon [_thread_blocked, id=11156, stack(0x0000003ee1c00000,0x0000003ee1d00000)]
  0x000001ea66ce9aa0 JavaThread "Finalizer" daemon [_thread_blocked, id=5856, stack(0x0000003ee1d00000,0x0000003ee1e00000)]
  0x000001ea66d13490 JavaThread "Signal Dispatcher" daemon [_thread_blocked, id=8244, stack(0x0000003ee1e00000,0x0000003ee1f00000)]
  0x000001ea66d139b0 JavaThread "Attach Listener" daemon [_thread_blocked, id=7840, stack(0x0000003ee1f00000,0x0000003ee2000000)]
  0x000001ea6780a0a0 JavaThread "Service Thread" daemon [_thread_blocked, id=3260, stack(0x0000003ee2000000,0x0000003ee2100000)]
  0x000001ea67813040 JavaThread "Monitor Deflation Thread" daemon [_thread_blocked, id=9564, stack(0x0000003ee2100000,0x0000003ee2200000)]
  0x000001ea67813e10 JavaThread "C2 CompilerThread0" daemon [_thread_in_native, id=2468, stack(0x0000003ee2200000,0x0000003ee2300000)]
  0x000001ea67814370 JavaThread "C1 CompilerThread0" daemon [_thread_in_native, id=10132, stack(0x0000003ee2300000,0x0000003ee2400000)]
  0x000001ea678249a0 JavaThread "Sweeper thread" daemon [_thread_blocked, id=6624, stack(0x0000003ee2400000,0x0000003ee2500000)]
  0x000001ea678105c0 JavaThread "Notification Thread" daemon [_thread_blocked, id=6592, stack(0x0000003ee2500000,0x0000003ee2600000)]
  0x000001ea67810070 JavaThread "Common-Cleaner" daemon [_thread_blocked, id=6796, stack(0x0000003ee2700000,0x0000003ee2800000)]
  0x000001ea67810b10 JavaThread "Catalina-utility-1" [_thread_blocked, id=7128, stack(0x0000003ee3000000,0x0000003ee3100000)]
  0x000001ea67812050 JavaThread "Catalina-utility-2" [_thread_blocked, id=4956, stack(0x0000003ee3100000,0x0000003ee3200000)]
  0x000001ea6c6ff550 JavaThread "container-0" [_thread_blocked, id=9300, stack(0x0000003ee3200000,0x0000003ee3300000)]
  0x000001ea6c6fdac0 JavaThread "mysql-cj-abandoned-connection-cleanup" daemon [_thread_blocked, id=8836, stack(0x0000003ee3300000,0x0000003ee3400000)]
  0x000001ea6c6f9060 JavaThread "HikariPool-1 housekeeper" daemon [_thread_blocked, id=888, stack(0x0000003ee3500000,0x0000003ee3600000)]
  0x000001ea6c6fc030 JavaThread "Live Reload Server" daemon [_thread_in_native, id=8768, stack(0x0000003ee3800000,0x0000003ee3900000)]
  0x000001ea6c6ffaa0 JavaThread "File Watcher" daemon [_thread_blocked, id=4100, stack(0x0000003ee3700000,0x0000003ee3800000)]
  0x000001ea6c6fe010 JavaThread "http-nio-8080-Poller" daemon [_thread_in_native, id=8676, stack(0x0000003ee3900000,0x0000003ee3a00000)]
  0x000001ea6c6ff000 JavaThread "http-nio-8080-Acceptor" daemon [_thread_in_native, id=1456, stack(0x0000003ee3a00000,0x0000003ee3b00000)]
  0x000001ea6c6fe560 JavaThread "DestroyJavaVM" [_thread_blocked, id=5884, stack(0x0000003ee1500000,0x0000003ee1600000)]
  0x000001ea6c6ffff0 JavaThread "http-nio-8080-exec-1" daemon [_thread_blocked, id=9608, stack(0x0000003ee1200000,0x0000003ee1300000)]
  0x000001ea6c6fcad0 JavaThread "http-nio-8080-exec-2" daemon [_thread_in_vm, id=11840, stack(0x0000003ee1300000,0x0000003ee1400000)]
=>0x000001ea68f416d0 JavaThread "C2 CompilerThread1" daemon [_thread_in_native, id=10664, stack(0x0000003ee1400000,0x0000003ee1500000)]

Other Threads:
  0x000001ea66ccb830 VMThread "VM Thread" [stack: 0x0000003ee1b00000,0x0000003ee1c00000] [id=5532]
  0x000001ea679819a0 WatcherThread [stack: 0x0000003ee2600000,0x0000003ee2700000] [id=3868]
  0x000001ea4d7d9380 GCTaskThread "GC Thread#0" [stack: 0x0000003ee1600000,0x0000003ee1700000] [id=6628]
  0x000001ea68165710 GCTaskThread "GC Thread#1" [stack: 0x0000003ee2900000,0x0000003ee2a00000] [id=5956]
  0x000001ea68165a20 GCTaskThread "GC Thread#2" [stack: 0x0000003ee2a00000,0x0000003ee2b00000] [id=5928]
  0x000001ea680c5800 GCTaskThread "GC Thread#3" [stack: 0x0000003ee2b00000,0x0000003ee2c00000] [id=412]
  0x000001ea4d7ea6c0 ConcurrentGCThread "G1 Main Marker" [stack: 0x0000003ee1700000,0x0000003ee1800000] [id=2644]
  0x000001ea4d7eb050 ConcurrentGCThread "G1 Conc#0" [stack: 0x0000003ee1800000,0x0000003ee1900000] [id=6236]
  0x000001ea4d866750 ConcurrentGCThread "G1 Refine#0" [stack: 0x0000003ee1900000,0x0000003ee1a00000] [id=11196]
  0x000001ea685ee900 ConcurrentGCThread "G1 Refine#1" [stack: 0x0000003ee2c00000,0x0000003ee2d00000] [id=7364]
  0x000001ea680f7cb0 ConcurrentGCThread "G1 Refine#2" [stack: 0x0000003ee2d00000,0x0000003ee2e00000] [id=8912]
  0x000001ea4d869ca0 ConcurrentGCThread "G1 Service" [stack: 0x0000003ee1a00000,0x0000003ee1b00000] [id=9364]

Threads with active compile tasks:
C2 CompilerThread0   183205 7324       4       jdk.internal.org.objectweb.asm.Frame::accept (264 bytes)
C1 CompilerThread0   183205 7321       3       jdk.internal.org.objectweb.asm.Type::getArgumentsAndReturnSizes (140 bytes)
C2 CompilerThread1   183205 7314       4       java.util.HashMap::computeIfAbsent (330 bytes)

VM state: not at safepoint (normal execution)

VM Mutex/Monitor currently owned by a thread: None

Heap address: 0x0000000082200000, size: 2014 MB, Compressed Oops mode: 32-bit

CDS disabled.
Compressed class space mapped at: 0x0000000100000000-0x0000000140000000, reserved size: 1073741824
Narrow klass base: 0x0000000000000000, Narrow klass shift: 3, Narrow klass range: 0x140000000

GC Precious Log:
 CPUs: 4 total, 4 available
 Memory: 8053M
 Large Page Support: Disabled
 NUMA Support: Disabled
 Compressed Oops: Enabled (32-bit)
 Heap Region Size: 1M
 Heap Min Capacity: 8M
 Heap Initial Capacity: 126M
 Heap Max Capacity: 2014M
 Pre-touch: Disabled
 Parallel Workers: 4
 Concurrent Workers: 1
 Concurrent Refinement Workers: 4
 Periodic GC: Disabled

Heap:
 garbage-first heap   total 96256K, used 73688K [0x0000000082200000, 0x0000000100000000)
  region size 1024K, 49 young (50176K), 7 survivors (7168K)
 Metaspace       used 80025K, committed 80448K, reserved 1122304K
  class space    used 10192K, committed 10432K, reserved 1048576K

Heap Regions: E=young(eden), S=young(survivor), O=old, HS=humongous(starts), HC=humongous(continues), CS=collection set, F=free, OA=open archive, CA=closed archive, TAMS=top-at-mark-start (previous, next)
|   0|0x0000000082200000, 0x0000000082300000, 0x0000000082300000|100%|HS|  |TAMS 0x0000000082300000, 0x0000000082200000| Complete 
|   1|0x0000000082300000, 0x0000000082400000, 0x0000000082400000|100%| O|  |TAMS 0x0000000082400000, 0x0000000082300000| Untracked 
|   2|0x0000000082400000, 0x0000000082500000, 0x0000000082500000|100%| O|  |TAMS 0x0000000082500000, 0x0000000082400000| Untracked 
|   3|0x0000000082500000, 0x0000000082600000, 0x0000000082600000|100%| O|  |TAMS 0x0000000082600000, 0x0000000082500000| Untracked 
|   4|0x0000000082600000, 0x0000000082700000, 0x0000000082700000|100%| O|  |TAMS 0x0000000082700000, 0x0000000082600000| Untracked 
|   5|0x0000000082700000, 0x0000000082800000, 0x0000000082800000|100%| O|  |TAMS 0x0000000082800000, 0x0000000082700000| Untracked 
|   6|0x0000000082800000, 0x0000000082854c00, 0x0000000082900000| 33%| O|  |TAMS 0x0000000082854c00, 0x0000000082800000| Untracked 
|   7|0x0000000082900000, 0x0000000082a00000, 0x0000000082a00000|100%| O|  |TAMS 0x0000000082a00000, 0x0000000082900000| Untracked 
|   8|0x0000000082a00000, 0x0000000082b00000, 0x0000000082b00000|100%| O|  |TAMS 0x0000000082b00000, 0x0000000082a00000| Untracked 
|   9|0x0000000082b00000, 0x0000000082c00000, 0x0000000082c00000|100%| O|  |TAMS 0x0000000082c00000, 0x0000000082b00000| Untracked 
|  10|0x0000000082c00000, 0x0000000082c6c600, 0x0000000082d00000| 42%| O|  |TAMS 0x0000000082c6c600, 0x0000000082c00000| Untracked 
|  11|0x0000000082d00000, 0x0000000082e00000, 0x0000000082e00000|100%| O|  |TAMS 0x0000000082e00000, 0x0000000082d00000| Untracked 
|  12|0x0000000082e00000, 0x0000000082f00000, 0x0000000082f00000|100%| O|  |TAMS 0x0000000082f00000, 0x0000000082e00000| Untracked 
|  13|0x0000000082f00000, 0x0000000083000000, 0x0000000083000000|100%| O|  |TAMS 0x0000000083000000, 0x0000000082f00000| Untracked 
|  14|0x0000000083000000, 0x0000000083100000, 0x0000000083100000|100%| O|  |TAMS 0x0000000083100000, 0x0000000083000000| Untracked 
|  15|0x0000000083100000, 0x0000000083200000, 0x0000000083200000|100%| O|  |TAMS 0x0000000083200000, 0x0000000083100000| Untracked 
|  16|0x0000000083200000, 0x0000000083300000, 0x0000000083300000|100%| O|  |TAMS 0x0000000083300000, 0x0000000083200000| Untracked 
|  17|0x0000000083300000, 0x0000000083400000, 0x0000000083400000|100%| O|  |TAMS 0x0000000083400000, 0x0000000083300000| Untracked 
|  18|0x0000000083400000, 0x0000000083500000, 0x0000000083500000|100%| O|  |TAMS 0x0000000083500000, 0x0000000083400000| Untracked 
|  19|0x0000000083500000, 0x0000000083600000, 0x0000000083600000|100%| O|  |TAMS 0x0000000083600000, 0x0000000083500000| Untracked 
|  20|0x0000000083600000, 0x0000000083700000, 0x0000000083700000|100%| O|  |TAMS 0x0000000083700000, 0x0000000083600000| Untracked 
|  21|0x0000000083700000, 0x0000000083800000, 0x0000000083800000|100%| O|  |TAMS 0x0000000083800000, 0x0000000083700000| Untracked 
|  22|0x0000000083800000, 0x0000000083900000, 0x0000000083900000|100%| O|  |TAMS 0x0000000083900000, 0x0000000083800000| Untracked 
|  23|0x0000000083900000, 0x0000000083a00000, 0x0000000083a00000|100%| O|  |TAMS 0x0000000083a00000, 0x0000000083900000| Untracked 
|  24|0x0000000083a00000, 0x0000000083a63200, 0x0000000083b00000| 38%| O|  |TAMS 0x0000000083a63200, 0x0000000083a00000| Untracked 
|  25|0x0000000083b00000, 0x0000000083bd1e00, 0x0000000083c00000| 81%| O|  |TAMS 0x0000000083b00000, 0x0000000083b00000| Untracked 
|  26|0x0000000083c00000, 0x0000000083c00000, 0x0000000083d00000|  0%| F|  |TAMS 0x0000000083c00000, 0x0000000083c00000| Untracked 
|  27|0x0000000083d00000, 0x0000000083d00000, 0x0000000083e00000|  0%| F|  |TAMS 0x0000000083d00000, 0x0000000083d00000| Untracked 
|  28|0x0000000083e00000, 0x0000000083e00000, 0x0000000083f00000|  0%| F|  |TAMS 0x0000000083e00000, 0x0000000083e00000| Untracked 
|  29|0x0000000083f00000, 0x0000000083f00000, 0x0000000084000000|  0%| F|  |TAMS 0x0000000083f00000, 0x0000000083f00000| Untracked 
|  30|0x0000000084000000, 0x0000000084000000, 0x0000000084100000|  0%| F|  |TAMS 0x0000000084000000, 0x0000000084000000| Untracked 
|  31|0x0000000084100000, 0x0000000084100000, 0x0000000084200000|  0%| F|  |TAMS 0x0000000084100000, 0x0000000084100000| Untracked 
|  32|0x0000000084200000, 0x0000000084200000, 0x0000000084300000|  0%| F|  |TAMS 0x0000000084200000, 0x0000000084200000| Untracked 
|  33|0x0000000084300000, 0x0000000084300000, 0x0000000084400000|  0%| F|  |TAMS 0x0000000084300000, 0x0000000084300000| Untracked 
|  34|0x0000000084400000, 0x0000000084400000, 0x0000000084500000|  0%| F|  |TAMS 0x0000000084400000, 0x0000000084400000| Untracked 
|  35|0x0000000084500000, 0x0000000084500000, 0x0000000084600000|  0%| F|  |TAMS 0x0000000084500000, 0x0000000084500000| Untracked 
|  36|0x0000000084600000, 0x0000000084600000, 0x0000000084700000|  0%| F|  |TAMS 0x0000000084600000, 0x0000000084600000| Untracked 
|  37|0x0000000084700000, 0x0000000084700000, 0x0000000084800000|  0%| F|  |TAMS 0x0000000084700000, 0x0000000084700000| Untracked 
|  38|0x0000000084800000, 0x0000000084800000, 0x0000000084900000|  0%| F|  |TAMS 0x0000000084800000, 0x0000000084800000| Untracked 
|  39|0x0000000084900000, 0x0000000084900000, 0x0000000084a00000|  0%| F|  |TAMS 0x0000000084900000, 0x0000000084900000| Untracked 
|  40|0x0000000084a00000, 0x0000000084b00000, 0x0000000084b00000|100%| S|CS|TAMS 0x0000000084a00000, 0x0000000084a00000| Complete 
|  41|0x0000000084b00000, 0x0000000084c00000, 0x0000000084c00000|100%| S|CS|TAMS 0x0000000084b00000, 0x0000000084b00000| Complete 
|  42|0x0000000084c00000, 0x0000000084d00000, 0x0000000084d00000|100%| S|CS|TAMS 0x0000000084c00000, 0x0000000084c00000| Complete 
|  43|0x0000000084d00000, 0x0000000084e00000, 0x0000000084e00000|100%| S|CS|TAMS 0x0000000084d00000, 0x0000000084d00000| Complete 
|  44|0x0000000084e00000, 0x0000000084f00000, 0x0000000084f00000|100%| S|CS|TAMS 0x0000000084e00000, 0x0000000084e00000| Complete 
|  45|0x0000000084f00000, 0x0000000085000000, 0x0000000085000000|100%| S|CS|TAMS 0x0000000084f00000, 0x0000000084f00000| Complete 
|  46|0x0000000085000000, 0x0000000085100000, 0x0000000085100000|100%| S|CS|TAMS 0x0000000085000000, 0x0000000085000000| Complete 
|  47|0x0000000085100000, 0x0000000085100000, 0x0000000085200000|  0%| F|  |TAMS 0x0000000085100000, 0x0000000085100000| Untracked 
|  48|0x0000000085200000, 0x0000000085200000, 0x0000000085300000|  0%| F|  |TAMS 0x0000000085200000, 0x0000000085200000| Untracked 
|  49|0x0000000085300000, 0x0000000085300000, 0x0000000085400000|  0%| F|  |TAMS 0x0000000085300000, 0x0000000085300000| Untracked 
|  50|0x0000000085400000, 0x0000000085400000, 0x0000000085500000|  0%| F|  |TAMS 0x0000000085400000, 0x0000000085400000| Untracked 
|  51|0x0000000085500000, 0x0000000085500000, 0x0000000085600000|  0%| F|  |TAMS 0x0000000085500000, 0x0000000085500000| Untracked 
|  52|0x0000000085600000, 0x000000008562b838, 0x0000000085700000| 16%| E|  |TAMS 0x0000000085600000, 0x0000000085600000| Complete 
|  53|0x0000000085700000, 0x0000000085800000, 0x0000000085800000|100%| E|CS|TAMS 0x0000000085700000, 0x0000000085700000| Complete 
|  54|0x0000000085800000, 0x0000000085900000, 0x0000000085900000|100%| E|CS|TAMS 0x0000000085800000, 0x0000000085800000| Complete 
|  55|0x0000000085900000, 0x0000000085a00000, 0x0000000085a00000|100%| E|CS|TAMS 0x0000000085900000, 0x0000000085900000| Complete 
|  56|0x0000000085a00000, 0x0000000085b00000, 0x0000000085b00000|100%| E|CS|TAMS 0x0000000085a00000, 0x0000000085a00000| Complete 
|  57|0x0000000085b00000, 0x0000000085c00000, 0x0000000085c00000|100%| E|CS|TAMS 0x0000000085b00000, 0x0000000085b00000| Complete 
|  58|0x0000000085c00000, 0x0000000085d00000, 0x0000000085d00000|100%| E|CS|TAMS 0x0000000085c00000, 0x0000000085c00000| Complete 
|  59|0x0000000085d00000, 0x0000000085e00000, 0x0000000085e00000|100%| E|CS|TAMS 0x0000000085d00000, 0x0000000085d00000| Complete 
|  60|0x0000000085e00000, 0x0000000085f00000, 0x0000000085f00000|100%| E|CS|TAMS 0x0000000085e00000, 0x0000000085e00000| Complete 
|  61|0x0000000085f00000, 0x0000000086000000, 0x0000000086000000|100%| E|CS|TAMS 0x0000000085f00000, 0x0000000085f00000| Complete 
|  62|0x0000000086000000, 0x0000000086100000, 0x0000000086100000|100%| E|CS|TAMS 0x0000000086000000, 0x0000000086000000| Complete 
|  63|0x0000000086100000, 0x0000000086200000, 0x0000000086200000|100%| E|CS|TAMS 0x0000000086100000, 0x0000000086100000| Complete 
|  64|0x0000000086200000, 0x0000000086300000, 0x0000000086300000|100%| E|CS|TAMS 0x0000000086200000, 0x0000000086200000| Complete 
|  65|0x0000000086300000, 0x0000000086400000, 0x0000000086400000|100%| E|CS|TAMS 0x0000000086300000, 0x0000000086300000| Complete 
|  66|0x0000000086400000, 0x0000000086500000, 0x0000000086500000|100%| E|CS|TAMS 0x0000000086400000, 0x0000000086400000| Complete 
|  67|0x0000000086500000, 0x0000000086600000, 0x0000000086600000|100%| E|CS|TAMS 0x0000000086500000, 0x0000000086500000| Complete 
|  68|0x0000000086600000, 0x0000000086700000, 0x0000000086700000|100%| E|CS|TAMS 0x0000000086600000, 0x0000000086600000| Complete 
|  69|0x0000000086700000, 0x0000000086800000, 0x0000000086800000|100%| E|CS|TAMS 0x0000000086700000, 0x0000000086700000| Complete 
|  70|0x0000000086800000, 0x0000000086900000, 0x0000000086900000|100%| E|CS|TAMS 0x0000000086800000, 0x0000000086800000| Complete 
|  71|0x0000000086900000, 0x0000000086a00000, 0x0000000086a00000|100%| E|CS|TAMS 0x0000000086900000, 0x0000000086900000| Complete 
|  72|0x0000000086a00000, 0x0000000086b00000, 0x0000000086b00000|100%| E|CS|TAMS 0x0000000086a00000, 0x0000000086a00000| Complete 
|  73|0x0000000086b00000, 0x0000000086c00000, 0x0000000086c00000|100%| E|CS|TAMS 0x0000000086b00000, 0x0000000086b00000| Complete 
|  74|0x0000000086c00000, 0x0000000086d00000, 0x0000000086d00000|100%| E|CS|TAMS 0x0000000086c00000, 0x0000000086c00000| Complete 
|  75|0x0000000086d00000, 0x0000000086e00000, 0x0000000086e00000|100%| E|CS|TAMS 0x0000000086d00000, 0x0000000086d00000| Complete 
|  76|0x0000000086e00000, 0x0000000086f00000, 0x0000000086f00000|100%| E|CS|TAMS 0x0000000086e00000, 0x0000000086e00000| Complete 
|  77|0x0000000086f00000, 0x0000000087000000, 0x0000000087000000|100%| E|CS|TAMS 0x0000000086f00000, 0x0000000086f00000| Complete 
|  78|0x0000000087000000, 0x0000000087100000, 0x0000000087100000|100%| E|CS|TAMS 0x0000000087000000, 0x0000000087000000| Complete 
|  79|0x0000000087100000, 0x0000000087200000, 0x0000000087200000|100%| E|CS|TAMS 0x0000000087100000, 0x0000000087100000| Complete 
|  80|0x0000000087200000, 0x0000000087300000, 0x0000000087300000|100%| E|CS|TAMS 0x0000000087200000, 0x0000000087200000| Complete 
|  81|0x0000000087300000, 0x0000000087400000, 0x0000000087400000|100%| E|CS|TAMS 0x0000000087300000, 0x0000000087300000| Complete 
|  82|0x0000000087400000, 0x0000000087500000, 0x0000000087500000|100%| E|CS|TAMS 0x0000000087400000, 0x0000000087400000| Complete 
|  83|0x0000000087500000, 0x0000000087600000, 0x0000000087600000|100%| E|CS|TAMS 0x0000000087500000, 0x0000000087500000| Complete 
|  84|0x0000000087600000, 0x0000000087700000, 0x0000000087700000|100%| E|CS|TAMS 0x0000000087600000, 0x0000000087600000| Complete 
|  85|0x0000000087700000, 0x0000000087800000, 0x0000000087800000|100%| E|CS|TAMS 0x0000000087700000, 0x0000000087700000| Complete 
|  86|0x0000000087800000, 0x0000000087900000, 0x0000000087900000|100%| E|CS|TAMS 0x0000000087800000, 0x0000000087800000| Complete 
|  87|0x0000000087900000, 0x0000000087a00000, 0x0000000087a00000|100%| E|CS|TAMS 0x0000000087900000, 0x0000000087900000| Complete 
|  88|0x0000000087a00000, 0x0000000087b00000, 0x0000000087b00000|100%| E|CS|TAMS 0x0000000087a00000, 0x0000000087a00000| Complete 
|  89|0x0000000087b00000, 0x0000000087c00000, 0x0000000087c00000|100%| E|CS|TAMS 0x0000000087b00000, 0x0000000087b00000| Complete 
|  90|0x0000000087c00000, 0x0000000087d00000, 0x0000000087d00000|100%| E|CS|TAMS 0x0000000087c00000, 0x0000000087c00000| Complete 
| 114|0x0000000089400000, 0x0000000089500000, 0x0000000089500000|100%| E|CS|TAMS 0x0000000089400000, 0x0000000089400000| Complete 
| 118|0x0000000089800000, 0x0000000089900000, 0x0000000089900000|100%| E|CS|TAMS 0x0000000089800000, 0x0000000089800000| Complete 
| 125|0x0000000089f00000, 0x000000008a000000, 0x000000008a000000|100%| E|CS|TAMS 0x0000000089f00000, 0x0000000089f00000| Complete 

Card table byte_map: [0x000001ea60100000,0x000001ea604f0000] _byte_map_base: 0x000001ea5fcef000

Marking Bits (Prev, Next): (CMBitMap*) 0x000001ea4d7d9910, (CMBitMap*) 0x000001ea4d7d9950
 Prev Bits: [0x000001ea608e0000, 0x000001ea62858000)
 Next Bits: [0x000001ea62860000, 0x000001ea647d8000)

Polling page: 0x000001ea4cf70000

Metaspace:

Usage:
  Non-class:     68.20 MB used.
      Class:      9.95 MB used.
       Both:     78.15 MB used.

Virtual space:
  Non-class space:       72.00 MB reserved,      68.38 MB ( 95%) committed,  9 nodes.
      Class space:        1.00 GB reserved,      10.19 MB ( <1%) committed,  1 nodes.
              Both:        1.07 GB reserved,      78.56 MB (  7%) committed. 

Chunk freelists:
   Non-Class:  2.81 MB
       Class:  1.67 MB
        Both:  4.48 MB

MaxMetaspaceSize: 17179869184.00 GB
CompressedClassSpaceSize: 1.00 GB
 - commit_granule_bytes: 65536.
 - commit_granule_words: 8192.
 - virtual_space_node_default_size: 1048576.
 - enlarge_chunks_in_place: 1.
 - new_chunks_are_fully_committed: 0.
 - uncommit_free_chunks: 1.
 - use_allocation_guard: 0.
 - handle_deallocations: 1.


Internal statistics:

num_allocs_failed_limit: 12.
num_arena_births: 546.
num_arena_deaths: 0.
num_vsnodes_births: 10.
num_vsnodes_deaths: 0.
num_space_committed: 1257.
num_space_uncommitted: 0.
num_chunks_returned_to_freelist: 12.
num_chunks_taken_from_freelist: 3051.
num_chunk_merges: 12.
num_chunk_splits: 2184.
num_chunks_enlarged: 1726.
num_purges: 0.

CodeHeap 'non-profiled nmethods': size=120000Kb used=4024Kb max_used=4024Kb free=115975Kb
 bounds [0x000001ea587e0000, 0x000001ea58bd0000, 0x000001ea5fd10000]
CodeHeap 'profiled nmethods': size=120000Kb used=12770Kb max_used=12770Kb free=107229Kb
 bounds [0x000001ea512b0000, 0x000001ea51f30000, 0x000001ea587e0000]
CodeHeap 'non-nmethods': size=5760Kb used=1350Kb max_used=1476Kb free=4409Kb
 bounds [0x000001ea50d10000, 0x000001ea50f80000, 0x000001ea512b0000]
 total_blobs=7210 nmethods=6534 adapters=587
 compilation: enabled
              stopped_count=0, restarted_count=0
 full_count=0

Compilation events (20 events):
Event: 183.038 Thread 0x000001ea67814370 nmethod 7305 0x000001ea51f1ff90 code [0x000001ea51f20300, 0x000001ea51f219b8]
Event: 183.038 Thread 0x000001ea67814370 7306       3       org.apache.tomcat.util.buf.ByteChunk::equalsIgnoreCase (76 bytes)
Event: 183.040 Thread 0x000001ea67814370 nmethod 7306 0x000001ea51f22210 code [0x000001ea51f22460, 0x000001ea51f22ed8]
Event: 183.040 Thread 0x000001ea67814370 7304       3       javax.servlet.http.HttpServletRequestWrapper::_getHttpServletRequest (8 bytes)
Event: 183.040 Thread 0x000001ea67814370 nmethod 7304 0x000001ea51f23390 code [0x000001ea51f23540, 0x000001ea51f23758]
Event: 183.040 Thread 0x000001ea67814370 7308       3       java.util.regex.CharPredicates$$Lambda$1136/0x000000010063b8b8::is (5 bytes)
Event: 183.040 Thread 0x000001ea67814370 nmethod 7308 0x000001ea51f23810 code [0x000001ea51f239e0, 0x000001ea51f23cf8]
Event: 183.040 Thread 0x000001ea67814370 7309       3       java.util.regex.CharPredicates::lambda$CONTROL$1 (15 bytes)
Event: 183.040 Thread 0x000001ea67814370 nmethod 7309 0x000001ea51f23e10 code [0x000001ea51f23fe0, 0x000001ea51f24278]
Event: 183.040 Thread 0x000001ea67814370 7307       1       org.apache.coyote.Request::method (5 bytes)
Event: 183.040 Thread 0x000001ea67814370 nmethod 7307 0x000001ea58bcd610 code [0x000001ea58bcd7a0, 0x000001ea58bcd878]
Event: 183.152 Thread 0x000001ea67814370 7310       3       java.util.HashMap::putVal (300 bytes)
Event: 183.152 Thread 0x000001ea67813e10 7311       4       java.lang.PublicMethods$MethodList::merge (192 bytes)
Event: 183.153 Thread 0x000001ea67814370 nmethod 7310 0x000001ea51f24390 code [0x000001ea51f24640, 0x000001ea51f25798]
Event: 183.153 Thread 0x000001ea67814370 7313       3       java.util.HashMap::put (13 bytes)
Event: 183.153 Thread 0x000001ea67814370 nmethod 7313 0x000001ea51f25c90 code [0x000001ea51f25e60, 0x000001ea51f26158]
Event: 183.156 Thread 0x000001ea67814370 7318       3       jdk.internal.org.objectweb.asm.Frame::getAbstractTypeFromDescriptor (415 bytes)
Event: 183.159 Thread 0x000001ea67814370 nmethod 7318 0x000001ea51f26290 code [0x000001ea51f26640, 0x000001ea51f28258]
Event: 183.159 Thread 0x000001ea67814370 7321       3       jdk.internal.org.objectweb.asm.Type::getArgumentsAndReturnSizes (140 bytes)
Event: 183.159 Thread 0x000001ea68f416d0 7314       4       java.util.HashMap::computeIfAbsent (330 bytes)

GC Heap History (20 events):
Event: 4.318 GC heap before
{Heap before GC invocations=8 (full 0):
 garbage-first heap   total 94208K, used 65352K [0x0000000082200000, 0x0000000100000000)
  region size 1024K, 55 young (56320K), 2 survivors (2048K)
 Metaspace       used 30747K, committed 31040K, reserved 1081344K
  class space    used 3523K, committed 3648K, reserved 1048576K
}
Event: 4.327 GC heap after
{Heap after GC invocations=9 (full 0):
 garbage-first heap   total 94208K, used 13198K [0x0000000082200000, 0x0000000100000000)
  region size 1024K, 4 young (4096K), 4 survivors (4096K)
 Metaspace       used 30747K, committed 31040K, reserved 1081344K
  class space    used 3523K, committed 3648K, reserved 1048576K
}
Event: 5.733 GC heap before
{Heap before GC invocations=9 (full 0):
 garbage-first heap   total 94208K, used 42894K [0x0000000082200000, 0x0000000100000000)
  region size 1024K, 34 young (34816K), 4 survivors (4096K)
 Metaspace       used 35230K, committed 35520K, reserved 1081344K
  class space    used 4140K, committed 4288K, reserved 1048576K
}
Event: 5.746 GC heap after
{Heap after GC invocations=10 (full 0):
 garbage-first heap   total 94208K, used 15275K [0x0000000082200000, 0x0000000100000000)
  region size 1024K, 6 young (6144K), 6 survivors (6144K)
 Metaspace       used 35230K, committed 35520K, reserved 1081344K
  class space    used 4140K, committed 4288K, reserved 1048576K
}
Event: 6.694 GC heap before
{Heap before GC invocations=11 (full 0):
 garbage-first heap   total 61440K, used 44971K [0x0000000082200000, 0x0000000100000000)
  region size 1024K, 36 young (36864K), 6 survivors (6144K)
 Metaspace       used 38843K, committed 39232K, reserved 1089536K
  class space    used 4626K, committed 4800K, reserved 1048576K
}
Event: 6.707 GC heap after
{Heap after GC invocations=12 (full 0):
 garbage-first heap   total 61440K, used 17705K [0x0000000082200000, 0x0000000100000000)
  region size 1024K, 5 young (5120K), 5 survivors (5120K)
 Metaspace       used 38843K, committed 39232K, reserved 1089536K
  class space    used 4626K, committed 4800K, reserved 1048576K
}
Event: 6.720 GC heap before
{Heap before GC invocations=12 (full 0):
 garbage-first heap   total 61440K, used 45353K [0x0000000082200000, 0x0000000100000000)
  region size 1024K, 33 young (33792K), 5 survivors (5120K)
 Metaspace       used 38843K, committed 39232K, reserved 1089536K
  class space    used 4626K, committed 4800K, reserved 1048576K
}
Event: 6.727 GC heap after
{Heap after GC invocations=13 (full 0):
 garbage-first heap   total 61440K, used 17804K [0x0000000082200000, 0x0000000100000000)
  region size 1024K, 3 young (3072K), 3 survivors (3072K)
 Metaspace       used 38843K, committed 39232K, reserved 1089536K
  class space    used 4626K, committed 4800K, reserved 1048576K
}
Event: 6.924 GC heap before
{Heap before GC invocations=13 (full 0):
 garbage-first heap   total 61440K, used 46476K [0x0000000082200000, 0x0000000100000000)
  region size 1024K, 32 young (32768K), 3 survivors (3072K)
 Metaspace       used 39555K, committed 39936K, reserved 1089536K
  class space    used 4688K, committed 4864K, reserved 1048576K
}
Event: 6.930 GC heap after
{Heap after GC invocations=14 (full 0):
 garbage-first heap   total 61440K, used 18136K [0x0000000082200000, 0x0000000100000000)
  region size 1024K, 3 young (3072K), 3 survivors (3072K)
 Metaspace       used 39555K, committed 39936K, reserved 1089536K
  class space    used 4688K, committed 4864K, reserved 1048576K
}
Event: 7.370 GC heap before
{Heap before GC invocations=14 (full 0):
 garbage-first heap   total 61440K, used 46808K [0x0000000082200000, 0x0000000100000000)
  region size 1024K, 32 young (32768K), 3 survivors (3072K)
 Metaspace       used 40642K, committed 40960K, reserved 1089536K
  class space    used 4836K, committed 4992K, reserved 1048576K
}
Event: 7.377 GC heap after
{Heap after GC invocations=15 (full 0):
 garbage-first heap   total 122880K, used 18445K [0x0000000082200000, 0x0000000100000000)
  region size 1024K, 2 young (2048K), 2 survivors (2048K)
 Metaspace       used 40642K, committed 40960K, reserved 1089536K
  class space    used 4836K, committed 4992K, reserved 1048576K
}
Event: 10.071 GC heap before
{Heap before GC invocations=15 (full 0):
 garbage-first heap   total 122880K, used 90125K [0x0000000082200000, 0x0000000100000000)
  region size 1024K, 72 young (73728K), 2 survivors (2048K)
 Metaspace       used 57645K, committed 58048K, reserved 1105920K
  class space    used 7085K, committed 7296K, reserved 1048576K
}
Event: 10.080 GC heap after
{Heap after GC invocations=16 (full 0):
 garbage-first heap   total 122880K, used 23790K [0x0000000082200000, 0x0000000100000000)
  region size 1024K, 7 young (7168K), 7 survivors (7168K)
 Metaspace       used 57645K, committed 58048K, reserved 1105920K
  class space    used 7085K, committed 7296K, reserved 1048576K
}
Event: 10.245 GC heap before
{Heap before GC invocations=16 (full 0):
 garbage-first heap   total 122880K, used 27886K [0x0000000082200000, 0x0000000100000000)
  region size 1024K, 12 young (12288K), 7 survivors (7168K)
 Metaspace       used 58999K, committed 59328K, reserved 1105920K
  class space    used 7280K, committed 7488K, reserved 1048576K
}
Event: 10.255 GC heap after
{Heap after GC invocations=17 (full 0):
 garbage-first heap   total 122880K, used 24637K [0x0000000082200000, 0x0000000100000000)
  region size 1024K, 1 young (1024K), 1 survivors (1024K)
 Metaspace       used 58999K, committed 59328K, reserved 1105920K
  class space    used 7280K, committed 7488K, reserved 1048576K
}
Event: 12.440 GC heap before
{Heap before GC invocations=18 (full 0):
 garbage-first heap   total 96256K, used 83005K [0x0000000082200000, 0x0000000100000000)
  region size 1024K, 58 young (59392K), 1 survivors (1024K)
 Metaspace       used 67306K, committed 67712K, reserved 1114112K
  class space    used 8499K, committed 8704K, reserved 1048576K
}
Event: 12.449 GC heap after
{Heap after GC invocations=19 (full 0):
 garbage-first heap   total 96256K, used 27226K [0x0000000082200000, 0x0000000100000000)
  region size 1024K, 4 young (4096K), 4 survivors (4096K)
 Metaspace       used 67306K, committed 67712K, reserved 1114112K
  class space    used 8499K, committed 8704K, reserved 1048576K
}
Event: 14.461 GC heap before
{Heap before GC invocations=20 (full 0):
 garbage-first heap   total 96256K, used 75354K [0x0000000082200000, 0x0000000100000000)
  region size 1024K, 51 young (52224K), 4 survivors (4096K)
 Metaspace       used 73574K, committed 74048K, reserved 1114112K
  class space    used 9345K, committed 9600K, reserved 1048576K
}
Event: 14.476 GC heap after
{Heap after GC invocations=21 (full 0):
 garbage-first heap   total 96256K, used 31704K [0x0000000082200000, 0x0000000100000000)
  region size 1024K, 7 young (7168K), 7 survivors (7168K)
 Metaspace       used 73574K, committed 74048K, reserved 1114112K
  class space    used 9345K, committed 9600K, reserved 1048576K
}

Deoptimization events (20 events):
Event: 183.156 Thread 0x000001ea6c6fcad0 Uncommon trap: trap_request=0xffffff45 fr.pc=0x000001ea588b5dd4 relative=0x0000000000001694
Event: 183.156 Thread 0x000001ea6c6fcad0 Uncommon trap: reason=unstable_if action=reinterpret pc=0x000001ea588b5dd4 method=jdk.internal.org.objectweb.asm.Frame.getAbstractTypeFromDescriptor(Ljdk/internal/org/objectweb/asm/SymbolTable;Ljava/lang/String;I)I @ 5 c2
Event: 183.156 Thread 0x000001ea6c6fcad0 DEOPT PACKING pc=0x000001ea588b5dd4 sp=0x0000003ee13fb720
Event: 183.156 Thread 0x000001ea6c6fcad0 DEOPT UNPACKING pc=0x000001ea50d5d72e sp=0x0000003ee13fb700 mode 2
Event: 183.156 Thread 0x000001ea6c6fcad0 Uncommon trap: trap_request=0xffffff45 fr.pc=0x000001ea589f4288 relative=0x0000000000008088
Event: 183.156 Thread 0x000001ea6c6fcad0 Uncommon trap: reason=unstable_if action=reinterpret pc=0x000001ea589f4288 method=jdk.internal.org.objectweb.asm.Frame.execute(IILjdk/internal/org/objectweb/asm/Symbol;Ljdk/internal/org/objectweb/asm/SymbolTable;)V @ 1 c2
Event: 183.156 Thread 0x000001ea6c6fcad0 DEOPT PACKING pc=0x000001ea589f4288 sp=0x0000003ee13fb7e0
Event: 183.156 Thread 0x000001ea6c6fcad0 DEOPT UNPACKING pc=0x000001ea50d5d72e sp=0x0000003ee13fb798 mode 2
Event: 183.156 Thread 0x000001ea6c6fcad0 Uncommon trap: trap_request=0xffffff45 fr.pc=0x000001ea58bbf478 relative=0x0000000000003338
Event: 183.156 Thread 0x000001ea6c6fcad0 Uncommon trap: reason=unstable_if action=reinterpret pc=0x000001ea58bbf478 method=java.lang.invoke.MethodType.checkPtypes([Ljava/lang/Class;)I @ 32 c2
Event: 183.157 Thread 0x000001ea6c6fcad0 DEOPT PACKING pc=0x000001ea58bbf478 sp=0x0000003ee13fb8a0
Event: 183.157 Thread 0x000001ea6c6fcad0 DEOPT UNPACKING pc=0x000001ea50d5d72e sp=0x0000003ee13fb828 mode 2
Event: 183.157 Thread 0x000001ea6c6fcad0 Uncommon trap: trap_request=0xffffff45 fr.pc=0x000001ea5880de40 relative=0x00000000000004c0
Event: 183.157 Thread 0x000001ea6c6fcad0 Uncommon trap: reason=unstable_if action=reinterpret pc=0x000001ea5880de40 method=jdk.internal.org.objectweb.asm.Type.getArgumentsAndReturnSizes(Ljava/lang/String;)I @ 25 c2
Event: 183.157 Thread 0x000001ea6c6fcad0 DEOPT PACKING pc=0x000001ea5880de40 sp=0x0000003ee13fb810
Event: 183.157 Thread 0x000001ea6c6fcad0 DEOPT UNPACKING pc=0x000001ea50d5d72e sp=0x0000003ee13fb790 mode 2
Event: 183.157 Thread 0x000001ea6c6fcad0 Uncommon trap: trap_request=0xffffff45 fr.pc=0x000001ea589abc38 relative=0x00000000000004d8
Event: 183.157 Thread 0x000001ea6c6fcad0 Uncommon trap: reason=unstable_if action=reinterpret pc=0x000001ea589abc38 method=jdk.internal.org.objectweb.asm.MethodWriter.visitVarInsn(II)V @ 230 c2
Event: 183.157 Thread 0x000001ea6c6fcad0 DEOPT PACKING pc=0x000001ea589abc38 sp=0x0000003ee13fb880
Event: 183.157 Thread 0x000001ea6c6fcad0 DEOPT UNPACKING pc=0x000001ea50d5d72e sp=0x0000003ee13fb828 mode 2

Classes unloaded (0 events):
No events

Classes redefined (0 events):
No events

Internal exceptions (20 events):
Event: 13.639 Thread 0x000001ea67811060 Exception <a 'java/lang/ClassNotFoundException'{0x0000000086574fa0}: org/springframework/security/config/annotation/web/configuration/HttpSecurityConfigurationCustomizer> (0x0000000086574fa0) 
thrown [t:\workspace\open\src\hotspot\share\classfile\systemDictionary.cpp, line 256]
Event: 13.672 Thread 0x000001ea67811060 Exception <a 'java/lang/NoSuchMethodError'{0x00000000864877c8}: 'java.lang.Object java.lang.invoke.DirectMethodHandle$Holder.invokeInterface(java.lang.Object, java.lang.Object, java.lang.Object, java.lang.Object)'> (0x00000000864877c8) 
thrown [t:\workspace\open\src\hotspot\share\interpreter\linkResolver.cpp, line 790]
Event: 13.737 Thread 0x000001ea67811060 Exception <a 'java/lang/NoSuchMethodError'{0x00000000863e0390}: 'void java.lang.invoke.DirectMethodHandle$Holder.invokeVirtual(java.lang.Object, java.lang.Object, int)'> (0x00000000863e0390) 
thrown [t:\workspace\open\src\hotspot\share\interpreter\linkResolver.cpp, line 790]
Event: 13.741 Thread 0x000001ea67811060 Exception <a 'java/lang/NoSuchMethodError'{0x00000000863fb6f8}: 'void java.lang.invoke.DirectMethodHandle$Holder.invokeVirtual(java.lang.Object, java.lang.Object, long)'> (0x00000000863fb6f8) 
thrown [t:\workspace\open\src\hotspot\share\interpreter\linkResolver.cpp, line 790]
Event: 14.132 Thread 0x000001ea67811060 Exception <a 'java/lang/NoSuchMethodError'{0x0000000085774ed8}: 'java.lang.Object java.lang.invoke.DirectMethodHandle$Holder.invokeSpecial(java.lang.Object, java.lang.Object, int, java.lang.Object, int, java.lang.Object)'> (0x0000000085774ed8) 
thrown [t:\workspace\open\src\hotspot\share\interpreter\linkResolver.cpp, line 790]
Event: 14.132 Thread 0x000001ea67811060 Exception <a 'java/lang/NoSuchMethodError'{0x000000008577d540}: 'java.lang.Object java.lang.invoke.DirectMethodHandle$Holder.newInvokeSpecial(java.lang.Object, java.lang.Object, int, java.lang.Object, int)'> (0x000000008577d540) 
thrown [t:\workspace\open\src\hotspot\share\interpreter\linkResolver.cpp, line 790]
Event: 14.133 Thread 0x000001ea67811060 Exception <a 'java/lang/NoSuchMethodError'{0x0000000085781998}: 'java.lang.Object java.lang.invoke.DirectMethodHandle$Holder.invokeSpecial(java.lang.Object, java.lang.Object, java.lang.Object, int, java.lang.Object, int)'> (0x0000000085781998) 
thrown [t:\workspace\open\src\hotspot\share\interpreter\linkResolver.cpp, line 790]
Event: 14.135 Thread 0x000001ea67811060 Exception <a 'java/lang/NoSuchMethodError'{0x000000008578bbc8}: 'void java.lang.invoke.DirectMethodHandle$Holder.invokeVirtual(java.lang.Object, java.lang.Object)'> (0x000000008578bbc8) 
thrown [t:\workspace\open\src\hotspot\share\interpreter\linkResolver.cpp, line 790]
Event: 14.192 Thread 0x000001ea67811060 Implicit null exception at 0x000001ea589d9280 to 0x000001ea589d92fc
Event: 14.450 Thread 0x000001ea67811060 Exception <a 'java/lang/NoSuchMethodError'{0x00000000851db3e0}: 'java.lang.Object java.lang.invoke.DirectMethodHandle$Holder.newInvokeSpecial(java.lang.Object, java.lang.Object, java.lang.Object, java.lang.Object, java.lang.Object, java.lang.Object, java.lang.Object)'> (0x00000000851db3e0) 
thrown [t:\workspace\open\src\hotspot\share\interpreter\linkResolver.cpp, line 790]
Event: 14.451 Thread 0x000001ea67811060 Exception <a 'java/lang/NoSuchMethodError'{0x00000000851dfa90}: 'java.lang.Object java.lang.invoke.Invokers$Holder.linkToTargetMethod(java.lang.Object, java.lang.Object, java.lang.Object, java.lang.Object, java.lang.Object, java.lang.Object, java.lang.Object)'> (0x00000000851dfa90) 
thrown [t:\workspace\open\src\hotspot\share\interpreter\linkResolver.cpp, line 790]
Event: 14.591 Thread 0x000001ea67811060 Implicit null exception at 0x000001ea58a6276c to 0x000001ea58a62820
Event: 14.764 Thread 0x000001ea67811060 Exception <a 'java/lang/NoSuchMethodError'{0x0000000087a915b8}: 'java.lang.Object java.lang.invoke.DirectMethodHandle$Holder.newInvokeSpecial(java.lang.Object, java.lang.Object, java.lang.Object, int)'> (0x0000000087a915b8) 
thrown [t:\workspace\open\src\hotspot\share\interpreter\linkResolver.cpp, line 790]
Event: 14.764 Thread 0x000001ea67811060 Exception <a 'java/lang/NoSuchMethodError'{0x0000000087a959b8}: 'java.lang.Object java.lang.invoke.DirectMethodHandle$Holder.invokeSpecial(java.lang.Object, java.lang.Object, java.lang.Object, java.lang.Object, int)'> (0x0000000087a959b8) 
thrown [t:\workspace\open\src\hotspot\share\interpreter\linkResolver.cpp, line 790]
Event: 14.815 Thread 0x000001ea67811060 Exception <a 'java/lang/NoSuchMethodError'{0x0000000087a99290}: 'java.lang.Object java.lang.invoke.Invokers$Holder.linkToTargetMethod(java.lang.Object, java.lang.Object, int, java.lang.Object)'> (0x0000000087a99290) 
thrown [t:\workspace\open\src\hotspot\share\interpreter\linkResolver.cpp, line 790]
Event: 14.932 Thread 0x000001ea67811060 Implicit null exception at 0x000001ea58b0ab76 to 0x000001ea58b0b144
Event: 14.932 Thread 0x000001ea67811060 Implicit null exception at 0x000001ea58b14341 to 0x000001ea58b1cda4
Event: 14.961 Thread 0x000001ea67811060 Exception <a 'java/lang/NoSuchMethodError'{0x0000000087681f90}: 'java.lang.Object java.lang.invoke.DirectMethodHandle$Holder.invokeStatic(java.lang.Object, int, java.lang.Object)'> (0x0000000087681f90) 
thrown [t:\workspace\open\src\hotspot\share\interpreter\linkResolver.cpp, line 790]
Event: 176.091 Thread 0x000001ea6c6ffff0 Exception <a 'java/lang/ClassNotFoundException'{0x0000000085cb7448}: java/lang/ObjectCustomizer> (0x0000000085cb7448) 
thrown [t:\workspace\open\src\hotspot\share\classfile\systemDictionary.cpp, line 256]
Event: 176.094 Thread 0x000001ea6c6ffff0 Exception <a 'java/lang/ClassNotFoundException'{0x0000000085cc52f8}: org/generation/blogPessoal/model/UserCustomizer> (0x0000000085cc52f8) 
thrown [t:\workspace\open\src\hotspot\share\classfile\systemDictionary.cpp, line 256]

Events (20 events):
Event: 176.310 loading class java/time/format/DateTimePrintContext done
Event: 176.310 loading class java/time/LocalDate$1
Event: 176.310 loading class java/time/LocalDate$1 done
Event: 176.311 loading class java/time/format/DateTimeFormatterBuilder$2
Event: 176.311 loading class java/time/format/DateTimeFormatterBuilder$2 done
Event: 176.313 loading class sun/nio/cs/ISO_8859_1$Encoder
Event: 176.314 loading class sun/nio/cs/ISO_8859_1$Encoder done
Event: 176.314 loading class sun/nio/cs/Surrogate$Parser
Event: 176.314 loading class sun/nio/cs/Surrogate$Parser done
Event: 176.315 loading class sun/nio/cs/Surrogate
Event: 176.315 loading class sun/nio/cs/Surrogate done
Event: 177.097 Executing  VM operation: Cleanup
Event: 177.097 Executing  VM operation: Cleanup done
Event: 181.575 Thread 0x000001ea68f416d0 Thread exited: 0x000001ea68f416d0
Event: 183.026 Thread 0x000001ea6c6fcad0 Thread added: 0x000001ea6c6fcad0
Event: 183.035 loading class java/util/Base64$Decoder
Event: 183.036 loading class java/util/Base64$Decoder done
Event: 183.137 Executing  VM operation: Cleanup
Event: 183.137 Executing  VM operation: Cleanup done
Event: 183.159 Thread 0x000001ea68f416d0 Thread added: 0x000001ea68f416d0


Dynamic libraries:
0x00007ff6e1910000 - 0x00007ff6e191e000 	C:\Users\usuario\.p2\pool\plugins\org.eclipse.justj.openjdk.hotspot.jre.full.win32.x86_64_16.0.2.v20210721-1149\jre\bin\javaw.exe
0x00007ff987050000 - 0x00007ff987245000 	C:\Windows\SYSTEM32\ntdll.dll
0x00007ff9869e0000 - 0x00007ff986a9d000 	C:\Windows\System32\KERNEL32.DLL
0x00007ff984af0000 - 0x00007ff984db9000 	C:\Windows\System32\KERNELBASE.dll
0x00007ff984810000 - 0x00007ff984910000 	C:\Windows\System32\ucrtbase.dll
0x00007ff978d30000 - 0x00007ff978d49000 	C:\Users\usuario\.p2\pool\plugins\org.eclipse.justj.openjdk.hotspot.jre.full.win32.x86_64_16.0.2.v20210721-1149\jre\bin\VCRUNTIME140.dll
0x00007ff97ccf0000 - 0x00007ff97cd08000 	C:\Users\usuario\.p2\pool\plugins\org.eclipse.justj.openjdk.hotspot.jre.full.win32.x86_64_16.0.2.v20210721-1149\jre\bin\jli.dll
0x00007ff986b00000 - 0x00007ff986ca0000 	C:\Windows\System32\USER32.dll
0x00007ff984910000 - 0x00007ff984932000 	C:\Windows\System32\win32u.dll
0x00007ff9869a0000 - 0x00007ff9869ca000 	C:\Windows\System32\GDI32.dll
0x00007ff972da0000 - 0x00007ff97303a000 	C:\Windows\WinSxS\amd64_microsoft.windows.common-controls_6595b64144ccf1df_6.0.19041.1110_none_60b5254171f9507e\COMCTL32.dll
0x00007ff984dc0000 - 0x00007ff984ecb000 	C:\Windows\System32\gdi32full.dll
0x00007ff984ed0000 - 0x00007ff984f6d000 	C:\Windows\System32\msvcp_win.dll
0x00007ff985ed0000 - 0x00007ff985f6e000 	C:\Windows\System32\msvcrt.dll
0x00007ff985750000 - 0x00007ff985780000 	C:\Windows\System32\IMM32.DLL
0x00007ff97ed30000 - 0x00007ff97ed3c000 	C:\Users\usuario\.p2\pool\plugins\org.eclipse.justj.openjdk.hotspot.jre.full.win32.x86_64_16.0.2.v20210721-1149\jre\bin\vcruntime140_1.dll
0x00007ff9613a0000 - 0x00007ff961431000 	C:\Users\usuario\.p2\pool\plugins\org.eclipse.justj.openjdk.hotspot.jre.full.win32.x86_64_16.0.2.v20210721-1149\jre\bin\msvcp140.dll
0x00007ff942840000 - 0x00007ff9433eb000 	C:\Users\usuario\.p2\pool\plugins\org.eclipse.justj.openjdk.hotspot.jre.full.win32.x86_64_16.0.2.v20210721-1149\jre\bin\server\jvm.dll
0x00007ff985f70000 - 0x00007ff98601c000 	C:\Windows\System32\ADVAPI32.dll
0x00007ff985140000 - 0x00007ff9851db000 	C:\Windows\System32\sechost.dll
0x00007ff985c70000 - 0x00007ff985d9a000 	C:\Windows\System32\RPCRT4.dll
0x00007ff987000000 - 0x00007ff987008000 	C:\Windows\System32\PSAPI.DLL
0x00007ff96eb90000 - 0x00007ff96eb99000 	C:\Windows\SYSTEM32\WSOCK32.dll
0x00007ff97e460000 - 0x00007ff97e46a000 	C:\Windows\SYSTEM32\VERSION.dll
0x00007ff986020000 - 0x00007ff98608b000 	C:\Windows\System32\WS2_32.dll
0x00007ff971110000 - 0x00007ff971137000 	C:\Windows\SYSTEM32\WINMM.dll
0x00007ff983060000 - 0x00007ff983072000 	C:\Windows\SYSTEM32\kernel.appcore.dll
0x00007ff9819a0000 - 0x00007ff9819aa000 	C:\Users\usuario\.p2\pool\plugins\org.eclipse.justj.openjdk.hotspot.jre.full.win32.x86_64_16.0.2.v20210721-1149\jre\bin\jimage.dll
0x00007ff982d10000 - 0x00007ff982ef4000 	C:\Windows\SYSTEM32\DBGHELP.DLL
0x00007ff96bdb0000 - 0x00007ff96bddc000 	C:\Windows\SYSTEM32\dbgcore.DLL
0x00007ff984780000 - 0x00007ff984803000 	C:\Windows\System32\bcryptPrimitives.dll
0x00007ff97d1e0000 - 0x00007ff97d205000 	C:\Users\usuario\.p2\pool\plugins\org.eclipse.justj.openjdk.hotspot.jre.full.win32.x86_64_16.0.2.v20210721-1149\jre\bin\java.dll
0x00007ff97cfd0000 - 0x00007ff97cfe8000 	C:\Users\usuario\.p2\pool\plugins\org.eclipse.justj.openjdk.hotspot.jre.full.win32.x86_64_16.0.2.v20210721-1149\jre\bin\zip.dll
0x00007ff986090000 - 0x00007ff9867cf000 	C:\Windows\System32\SHELL32.dll
0x00007ff982580000 - 0x00007ff982d10000 	C:\Windows\SYSTEM32\windows.storage.dll
0x00007ff986ca0000 - 0x00007ff986ff5000 	C:\Windows\System32\combase.dll
0x00007ff984110000 - 0x00007ff98413c000 	C:\Windows\SYSTEM32\Wldp.dll
0x00007ff986890000 - 0x00007ff98693e000 	C:\Windows\System32\SHCORE.dll
0x00007ff986830000 - 0x00007ff986885000 	C:\Windows\System32\shlwapi.dll
0x00007ff9846c0000 - 0x00007ff9846df000 	C:\Windows\SYSTEM32\profapi.dll
0x00007ff97cfb0000 - 0x00007ff97cfc9000 	C:\Users\usuario\.p2\pool\plugins\org.eclipse.justj.openjdk.hotspot.jre.full.win32.x86_64_16.0.2.v20210721-1149\jre\bin\net.dll
0x00007ff978ba0000 - 0x00007ff978ca8000 	C:\Windows\SYSTEM32\WINHTTP.dll
0x00007ff983e70000 - 0x00007ff983eda000 	C:\Windows\system32\mswsock.dll
0x00007ff97cf90000 - 0x00007ff97cfa3000 	C:\Users\usuario\.p2\pool\plugins\org.eclipse.justj.openjdk.hotspot.jre.full.win32.x86_64_16.0.2.v20210721-1149\jre\bin\nio.dll
0x00007ff9819c0000 - 0x00007ff9819d0000 	C:\Users\usuario\.p2\pool\plugins\org.eclipse.justj.openjdk.hotspot.jre.full.win32.x86_64_16.0.2.v20210721-1149\jre\bin\verify.dll
0x00007ff9712f0000 - 0x00007ff9712f9000 	C:\Users\usuario\.p2\pool\plugins\org.eclipse.justj.openjdk.hotspot.jre.full.win32.x86_64_16.0.2.v20210721-1149\jre\bin\management.dll
0x00007ff970d60000 - 0x00007ff970d6b000 	C:\Users\usuario\.p2\pool\plugins\org.eclipse.justj.openjdk.hotspot.jre.full.win32.x86_64_16.0.2.v20210721-1149\jre\bin\management_ext.dll
0x00007ff969dd0000 - 0x00007ff969de7000 	C:\Windows\system32\napinsp.dll
0x00007ff966fe0000 - 0x00007ff966ffb000 	C:\Windows\system32\pnrpnsp.dll
0x00007ff966fc0000 - 0x00007ff966fd5000 	C:\Windows\system32\wshbth.dll
0x00007ff97fa50000 - 0x00007ff97fa6d000 	C:\Windows\system32\NLAapi.dll
0x00007ff983b60000 - 0x00007ff983b9b000 	C:\Windows\SYSTEM32\IPHLPAPI.DLL
0x00007ff983ba0000 - 0x00007ff983c6c000 	C:\Windows\SYSTEM32\DNSAPI.dll
0x00007ff985860000 - 0x00007ff985868000 	C:\Windows\System32\NSI.dll
0x00007ff966fa0000 - 0x00007ff966fb2000 	C:\Windows\System32\winrnr.dll
0x00007ff970900000 - 0x00007ff97090a000 	C:\Windows\System32\rasadhlp.dll
0x00007ff9709a0000 - 0x00007ff970a1f000 	C:\Windows\System32\fwpuclnt.dll
0x00007ff984fd0000 - 0x00007ff984ff7000 	C:\Windows\System32\bcrypt.dll
0x00007ff984060000 - 0x00007ff984078000 	C:\Windows\SYSTEM32\CRYPTSP.dll
0x00007ff9837f0000 - 0x00007ff983824000 	C:\Windows\system32\rsaenh.dll
0x00007ff984640000 - 0x00007ff98466e000 	C:\Windows\SYSTEM32\USERENV.dll
0x00007ff984080000 - 0x00007ff98408c000 	C:\Windows\SYSTEM32\CRYPTBASE.dll
0x00007ff97d3c0000 - 0x00007ff97d3d7000 	C:\Windows\SYSTEM32\dhcpcsvc6.DLL
0x00007ff97dea0000 - 0x00007ff97debd000 	C:\Windows\SYSTEM32\dhcpcsvc.DLL
0x00007ff981990000 - 0x00007ff98199e000 	C:\Users\usuario\.p2\pool\plugins\org.eclipse.justj.openjdk.hotspot.jre.full.win32.x86_64_16.0.2.v20210721-1149\jre\bin\sunmscapi.dll
0x00007ff984990000 - 0x00007ff984aef000 	C:\Windows\System32\CRYPT32.dll
0x00007ff984180000 - 0x00007ff9841a7000 	C:\Windows\SYSTEM32\ncrypt.dll
0x00007ff984140000 - 0x00007ff98417b000 	C:\Windows\SYSTEM32\NTASN1.dll
0x00007ff970940000 - 0x00007ff970947000 	C:\Windows\system32\wshunix.dll

dbghelp: loaded successfully - version: 4.0.5 - missing functions: none
symbol engine: initialized successfully - sym options: 0x614 - pdb path: .;C:\Users\usuario\.p2\pool\plugins\org.eclipse.justj.openjdk.hotspot.jre.full.win32.x86_64_16.0.2.v20210721-1149\jre\bin;C:\Windows\SYSTEM32;C:\Windows\WinSxS\amd64_microsoft.windows.common-controls_6595b64144ccf1df_6.0.19041.1110_none_60b5254171f9507e;C:\Users\usuario\.p2\pool\plugins\org.eclipse.justj.openjdk.hotspot.jre.full.win32.x86_64_16.0.2.v20210721-1149\jre\bin\server

VM Arguments:
jvm_args: -Dfile.encoding=UTF-8 -XX:+ShowCodeDetailsInExceptionMessages 
java_command: org.generation.blogPessoal.BlogPessoalApplication
java_class_path (initial): C:\Users\usuario\Desktop\turma30java\spring\blogPessoal\target\classes;C:\Users\usuario\.m2\repository\io\springfox\springfox-boot-starter\3.0.0\springfox-boot-starter-3.0.0.jar;C:\Users\usuario\.m2\repository\io\springfox\springfox-oas\3.0.0\springfox-oas-3.0.0.jar;C:\Users\usuario\.m2\repository\io\swagger\core\v3\swagger-annotations\2.1.2\swagger-annotations-2.1.2.jar;C:\Users\usuario\.m2\repository\io\swagger\core\v3\swagger-models\2.1.2\swagger-models-2.1.2.jar;C:\Users\usuario\.m2\repository\com\fasterxml\jackson\core\jackson-annotations\2.12.4\jackson-annotations-2.12.4.jar;C:\Users\usuario\.m2\repository\io\springfox\springfox-spi\3.0.0\springfox-spi-3.0.0.jar;C:\Users\usuario\.m2\repository\io\springfox\springfox-schema\3.0.0\springfox-schema-3.0.0.jar;C:\Users\usuario\.m2\repository\io\springfox\springfox-core\3.0.0\springfox-core-3.0.0.jar;C:\Users\usuario\.m2\repository\io\springfox\springfox-spring-web\3.0.0\springfox-spring-web-3.0.0.jar;C:\Users\usuario\.m2\repository\io\github\classgraph\classgraph\4.8.83\classgraph-4.8.83.jar;C:\Users\usuario\.m2\repository\io\springfox\springfox-spring-webmvc\3.0.0\springfox-spring-webmvc-3.0.0.jar;C:\Users\usuario\.m2\repository\io\springfox\springfox-spring-webflux\3.0.0\springfox-spring-webflux-3.0.0.jar;C:\Users\usuario\.m2\repository\io\springfox\springfox-swagger-common\3.0.0\springfox-swagger-common-3.0.0.jar;C:\Users\usuario\.m2\repository\org\mapstruct\mapstruct\1.3.1.Final\mapstruct-1.3.1.Final.jar;C:\Users\usuario\.m2\repository\io\springfox\springfox-data-rest\3.0.0\springfox-data-rest-3.0.0.jar;C:\Users\usuario\.m2\repository\io\springfox\springfox-bean-validators\3.0.0\springfox-bean-validators-3.0.0.jar;C:\Users\usuario\.m2\repository\io\springfox\springfox-swagger2\3.0.0\springfox-swagger2-3.0.0.jar;C:\Users\usuario\.m2\repository\io\swagger\swagger-annotations\1.5.20\swagger-annotations-1.5.20.jar;C:\Users\usuario\.m2\repository\io\swagger\swagger-models\1.5.20\swagger-
Launcher Type: SUN_STANDARD

[Global flags]
     intx CICompilerCount                          = 3                                         {product} {ergonomic}
     uint ConcGCThreads                            = 1                                         {product} {ergonomic}
     uint G1ConcRefinementThreads                  = 4                                         {product} {ergonomic}
   size_t G1HeapRegionSize                         = 1048576                                   {product} {ergonomic}
    uintx GCDrainStackTargetSize                   = 64                                        {product} {ergonomic}
   size_t InitialHeapSize                          = 132120576                                 {product} {ergonomic}
   size_t MarkStackSize                            = 4194304                                   {product} {ergonomic}
   size_t MaxHeapSize                              = 2111832064                                {product} {ergonomic}
   size_t MaxNewSize                               = 1266679808                                {product} {ergonomic}
   size_t MinHeapDeltaBytes                        = 1048576                                   {product} {ergonomic}
   size_t MinHeapSize                              = 8388608                                   {product} {ergonomic}
    uintx NonNMethodCodeHeapSize                   = 5832780                                {pd product} {ergonomic}
    uintx NonProfiledCodeHeapSize                  = 122912730                              {pd product} {ergonomic}
    uintx ProfiledCodeHeapSize                     = 122912730                              {pd product} {ergonomic}
    uintx ReservedCodeCacheSize                    = 251658240                              {pd product} {ergonomic}
     bool SegmentedCodeCache                       = true                                      {product} {ergonomic}
     bool ShowCodeDetailsInExceptionMessages       = true                                   {manageable} {command line}
   size_t SoftMaxHeapSize                          = 2111832064                             {manageable} {ergonomic}
     bool UseCompressedClassPointers               = true                           {product lp64_product} {ergonomic}
     bool UseCompressedOops                        = true                           {product lp64_product} {ergonomic}
     bool UseG1GC                                  = true                                      {product} {ergonomic}
     bool UseLargePagesIndividualAllocation        = false                                  {pd product} {ergonomic}

Logging:
Log output configuration:
 #0: stdout all=warning uptime,level,tags
 #1: stderr all=off uptime,level,tags

Environment Variables:
PATH=C:/Users/usuario/.p2/pool/plugins/org.eclipse.justj.openjdk.hotspot.jre.full.win32.x86_64_16.0.2.v20210721-1149/jre/bin/server;C:/Users/usuario/.p2/pool/plugins/org.eclipse.justj.openjdk.hotspot.jre.full.win32.x86_64_16.0.2.v20210721-1149/jre/bin;C:\Program Files (x86)\Common Files\Oracle\Java\javapath;C:\Windows\system32;C:\Windows;C:\Windows\System32\Wbem;C:\Windows\System32\WindowsPowerShell\v1.0\;C:\Windows\System32\OpenSSH\;C:\Program Files (x86)\dotnet\;C:\Program Files\Java\jdk1.8.0_291\bin;C:\ProgramData\UNIVALI\Portugol Studio;C:\Program Files\nodejs\;C:\Program Files\Git\cmd;C:\Program Files (x86)\Intel\Intel(R) Management Engine Components\DAL;C:\Program Files\Intel\Intel(R) Management Engine Components\DAL;C:\Users\usuario\AppData\Local\Microsoft\WindowsApps;C:\Users\usuario\AppData\Roaming\npm;C:\Users\usuario\AppData\Local\Programs\Microsoft VS Code\bin;C:\Users\usuario\Desktop;
USERNAME=usuario
OS=Windows_NT
PROCESSOR_IDENTIFIER=Intel64 Family 6 Model 142 Stepping 9, GenuineIntel



---------------  S Y S T E M  ---------------

OS:
 Windows 10 , 64 bit Build 19041 (10.0.19041.1151)
OS uptime: 2 days 11:44 hours

CPU: total 4 (initial active 4) (2 cores per cpu, 2 threads per core) family 6 model 142 stepping 9 microcode 0xde, cx8, cmov, fxsr, ht, mmx, 3dnowpref, sse, sse2, sse3, ssse3, sse4.1, sse4.2, popcnt, lzcnt, tsc, tscinvbit, avx, avx2, aes, erms, clmul, bmi1, bmi2, adx, fma, vzeroupper, clflush, clflushopt

Memory: 4k page, system-wide physical 8053M (1257M free)
TotalPageFile size 12149M (AvailPageFile size 0M)
current process WorkingSet (physical memory assigned to process): 268M, peak: 322M
current process commit charge ("private bytes"): 291M, peak: 345M

vm_info: OpenJDK 64-Bit Server VM (16.0.2+7-67) for windows-amd64 JRE (16.0.2+7-67), built on Jun  8 2021 23:21:43 by "mach5one" with MS VC++ 16.7 (VS2019)

END.
