#
# There is insufficient memory for the Java Runtime Environment to continue.
# Native memory allocation (malloc) failed to allocate 358880 bytes for Chunk::new
# Possible reasons:
#   The system is out of physical RAM or swap space
#   The process is running with CompressedOops enabled, and the Java Heap may be blocking the growth of the native heap
# Possible solutions:
#   Reduce memory load on the system
#   Increase physical memory or swap space
#   Check if swap backing store is full
#   Decrease Java heap size (-Xmx/-Xms)
#   Decrease number of Java threads
#   Decrease Java thread stack sizes (-Xss)
#   Set larger code cache with -XX:ReservedCodeCacheSize=
#   JVM is running with Unscaled Compressed Oops mode in which the Java heap is
#     placed in the first 4GB address space. The Java Heap base address is the
#     maximum limit for the native heap growth. Please use -XX:HeapBaseMinAddress
#     to set the Java Heap base and to place the Java Heap above 4GB virtual address.
# This output file may be truncated or incomplete.
#
#  Out of Memory Error (arena.cpp:195), pid=8124, tid=4952
#
# JRE version: OpenJDK Runtime Environment (16.0.2+7) (build 16.0.2+7-67)
# Java VM: OpenJDK 64-Bit Server VM (16.0.2+7-67, mixed mode, tiered, compressed oops, compressed class ptrs, g1 gc, windows-amd64)
# No core dump will be written. Minidumps are not enabled by default on client versions of Windows
#

---------------  S U M M A R Y ------------

Command Line: -ea -Dfile.encoding=UTF-8 -XX:+ShowCodeDetailsInExceptionMessages org.eclipse.jdt.internal.junit.runner.RemoteTestRunner -version 3 -port 59028 -testLoaderClass org.eclipse.jdt.internal.junit5.runner.JUnit5TestLoader -loaderpluginname org.eclipse.jdt.junit5.runtime -classNames org.generation.blogPessoal.repository.UserRepositoryTest

Host: Intel(R) Core(TM) i5-7200U CPU @ 2.50GHz, 4 cores, 7G,  Windows 10 , 64 bit Build 19041 (10.0.19041.1151)
Time: Fri Sep 10 22:29:52 2021 Hora oficial do Brasil elapsed time: 1.147791 seconds (0d 0h 0m 1s)

---------------  T H R E A D  ---------------

Current thread (0x000001afcb002cd0):  JavaThread "C2 CompilerThread0" daemon [_thread_in_native, id=4952, stack(0x0000001b94600000,0x0000001b94700000)]


Current CompileTask:
C2:   1147 1196       4       java.util.HashMap::putVal (300 bytes)

Stack: [0x0000001b94600000,0x0000001b94700000]
Native frames: (J=compiled Java code, j=interpreted, Vv=VM code, C=native code)
V  [jvm.dll+0x6681ca]
V  [jvm.dll+0x7c9e69]
V  [jvm.dll+0x7cb61e]
V  [jvm.dll+0x7cbc73]
V  [jvm.dll+0x242c55]
V  [jvm.dll+0xadeba]
V  [jvm.dll+0xae45c]
V  [jvm.dll+0x35a8d7]
V  [jvm.dll+0x324de1]
V  [jvm.dll+0x32428a]
V  [jvm.dll+0x215cec]
V  [jvm.dll+0x215100]
V  [jvm.dll+0x1a1beb]
V  [jvm.dll+0x225158]
V  [jvm.dll+0x22319c]
V  [jvm.dll+0x77fa62]
V  [jvm.dll+0x7795aa]
V  [jvm.dll+0x667066]
C  [ucrtbase.dll+0x21bb2]
C  [KERNEL32.DLL+0x17034]
C  [ntdll.dll+0x52651]


---------------  P R O C E S S  ---------------

Threads class SMR info:
_java_thread_list=0x000001afcbd48b80, length=14, elements={
0x000001afaef4dc20, 0x000001afca3e1020, 0x000001afca3e24b0, 0x000001afca40f280,
0x000001afca411cb0, 0x000001afca4125c0, 0x000001afcb002090, 0x000001afcb002cd0,
0x000001afca41e3b0, 0x000001afca41e910, 0x000001afcb17d760, 0x000001afcb19f010,
0x000001afcb200c50, 0x000001afcbc58170
}

Java Threads: ( => current thread )
  0x000001afaef4dc20 JavaThread "main" [_thread_in_vm, id=9392, stack(0x0000001b93900000,0x0000001b93a00000)]
  0x000001afca3e1020 JavaThread "Reference Handler" daemon [_thread_blocked, id=7532, stack(0x0000001b94000000,0x0000001b94100000)]
  0x000001afca3e24b0 JavaThread "Finalizer" daemon [_thread_blocked, id=10012, stack(0x0000001b94100000,0x0000001b94200000)]
  0x000001afca40f280 JavaThread "Signal Dispatcher" daemon [_thread_blocked, id=10104, stack(0x0000001b94200000,0x0000001b94300000)]
  0x000001afca411cb0 JavaThread "Attach Listener" daemon [_thread_blocked, id=2388, stack(0x0000001b94300000,0x0000001b94400000)]
  0x000001afca4125c0 JavaThread "Service Thread" daemon [_thread_blocked, id=1552, stack(0x0000001b94400000,0x0000001b94500000)]
  0x000001afcb002090 JavaThread "Monitor Deflation Thread" daemon [_thread_blocked, id=9072, stack(0x0000001b94500000,0x0000001b94600000)]
=>0x000001afcb002cd0 JavaThread "C2 CompilerThread0" daemon [_thread_in_native, id=4952, stack(0x0000001b94600000,0x0000001b94700000)]
  0x000001afca41e3b0 JavaThread "C1 CompilerThread0" daemon [_thread_in_native, id=4344, stack(0x0000001b94700000,0x0000001b94800000)]
  0x000001afca41e910 JavaThread "Sweeper thread" daemon [_thread_blocked, id=8680, stack(0x0000001b94800000,0x0000001b94900000)]
  0x000001afcb17d760 JavaThread "Notification Thread" daemon [_thread_blocked, id=7812, stack(0x0000001b94900000,0x0000001b94a00000)]
  0x000001afcb19f010 JavaThread "Common-Cleaner" daemon [_thread_blocked, id=10528, stack(0x0000001b94b00000,0x0000001b94c00000)]
  0x000001afcb200c50 JavaThread "C2 CompilerThread1" daemon [_thread_in_native, id=12280, stack(0x0000001b94d00000,0x0000001b94e00000)]
  0x000001afcbc58170 JavaThread "ReaderThread" [_thread_in_native, id=6752, stack(0x0000001b94e00000,0x0000001b94f00000)]

Other Threads:
  0x000001afca399040 VMThread "VM Thread" [stack: 0x0000001b93f00000,0x0000001b94000000] [id=4252]
  0x000001afcb181c90 WatcherThread [stack: 0x0000001b94a00000,0x0000001b94b00000] [id=9880]
  0x000001afaef8c430 GCTaskThread "GC Thread#0" [stack: 0x0000001b93a00000,0x0000001b93b00000] [id=5116]
  0x000001afcbd18a00 GCTaskThread "GC Thread#1" [stack: 0x0000001b94f00000,0x0000001b95000000] [id=8200]
  0x000001afcbd18d10 GCTaskThread "GC Thread#2" [stack: 0x0000001b95000000,0x0000001b95100000] [id=13200]
  0x000001afcb80f240 GCTaskThread "GC Thread#3" [stack: 0x0000001b95100000,0x0000001b95200000] [id=3580]
  0x000001afaef9d040 ConcurrentGCThread "G1 Main Marker" [stack: 0x0000001b93b00000,0x0000001b93c00000] [id=10284]
  0x000001afaef9e320 ConcurrentGCThread "G1 Conc#0" [stack: 0x0000001b93c00000,0x0000001b93d00000] [id=6648]
  0x000001afaf013530 ConcurrentGCThread "G1 Refine#0" [stack: 0x0000001b93d00000,0x0000001b93e00000] [id=6064]
  0x000001afaf0166f0 ConcurrentGCThread "G1 Service" [stack: 0x0000001b93e00000,0x0000001b93f00000] [id=6460]

Threads with active compile tasks:
C2 CompilerThread0     1182 1196       4       java.util.HashMap::putVal (300 bytes)
C1 CompilerThread0     1183 1267       3       sun.util.locale.LanguageTag::parseExtensions (208 bytes)
C2 CompilerThread1     1183 1197       4       java.util.HashMap::put (13 bytes)

VM state: not at safepoint (normal execution)

VM Mutex/Monitor currently owned by a thread: None

Heap address: 0x0000000082200000, size: 2014 MB, Compressed Oops mode: 32-bit

CDS disabled.
Compressed class space mapped at: 0x0000000100000000-0x0000000140000000, reserved size: 1073741824
Narrow klass base: 0x0000000000000000, Narrow klass shift: 3, Narrow klass range: 0x140000000

GC Precious Log:
 CPUs: 4 total, 4 available
 Memory: 8053M
 Large Page Support: Disabled
 NUMA Support: Disabled
 Compressed Oops: Enabled (32-bit)
 Heap Region Size: 1M
 Heap Min Capacity: 8M
 Heap Initial Capacity: 126M
 Heap Max Capacity: 2014M
 Pre-touch: Disabled
 Parallel Workers: 4
 Concurrent Workers: 1
 Concurrent Refinement Workers: 4
 Periodic GC: Disabled

Heap:
 garbage-first heap   total 129024K, used 7702K [0x0000000082200000, 0x0000000100000000)
  region size 1024K, 3 young (3072K), 2 survivors (2048K)
 Metaspace       used 13595K, committed 13760K, reserved 1064960K
  class space    used 1387K, committed 1472K, reserved 1048576K

Heap Regions: E=young(eden), S=young(survivor), O=old, HS=humongous(starts), HC=humongous(continues), CS=collection set, F=free, OA=open archive, CA=closed archive, TAMS=top-at-mark-start (previous, next)
|   0|0x0000000082200000, 0x0000000082300000, 0x0000000082300000|100%|HS|  |TAMS 0x0000000082200000, 0x0000000082200000| Complete 
|   1|0x0000000082300000, 0x0000000082400000, 0x0000000082400000|100%| O|  |TAMS 0x0000000082300000, 0x0000000082300000| Untracked 
|   2|0x0000000082400000, 0x0000000082500000, 0x0000000082500000|100%| O|  |TAMS 0x0000000082400000, 0x0000000082400000| Untracked 
|   3|0x0000000082500000, 0x0000000082600000, 0x0000000082600000|100%| O|  |TAMS 0x0000000082500000, 0x0000000082500000| Untracked 
|   4|0x0000000082600000, 0x0000000082700000, 0x0000000082700000|100%| O|  |TAMS 0x0000000082600000, 0x0000000082600000| Untracked 
|   5|0x0000000082700000, 0x0000000082800000, 0x0000000082800000|100%| O|  |TAMS 0x0000000082700000, 0x0000000082700000| Untracked 
|   6|0x0000000082800000, 0x0000000082872e00, 0x0000000082900000| 44%| O|  |TAMS 0x0000000082800000, 0x0000000082800000| Untracked 
|   7|0x0000000082900000, 0x0000000082900000, 0x0000000082a00000|  0%| F|  |TAMS 0x0000000082900000, 0x0000000082900000| Untracked 
|   8|0x0000000082a00000, 0x0000000082a00000, 0x0000000082b00000|  0%| F|  |TAMS 0x0000000082a00000, 0x0000000082a00000| Untracked 
|   9|0x0000000082b00000, 0x0000000082b00000, 0x0000000082c00000|  0%| F|  |TAMS 0x0000000082b00000, 0x0000000082b00000| Untracked 
|  10|0x0000000082c00000, 0x0000000082c00000, 0x0000000082d00000|  0%| F|  |TAMS 0x0000000082c00000, 0x0000000082c00000| Untracked 
|  11|0x0000000082d00000, 0x0000000082d00000, 0x0000000082e00000|  0%| F|  |TAMS 0x0000000082d00000, 0x0000000082d00000| Untracked 
|  12|0x0000000082e00000, 0x0000000082e00000, 0x0000000082f00000|  0%| F|  |TAMS 0x0000000082e00000, 0x0000000082e00000| Untracked 
|  13|0x0000000082f00000, 0x0000000082f00000, 0x0000000083000000|  0%| F|  |TAMS 0x0000000082f00000, 0x0000000082f00000| Untracked 
|  14|0x0000000083000000, 0x0000000083000000, 0x0000000083100000|  0%| F|  |TAMS 0x0000000083000000, 0x0000000083000000| Untracked 
|  15|0x0000000083100000, 0x0000000083100000, 0x0000000083200000|  0%| F|  |TAMS 0x0000000083100000, 0x0000000083100000| Untracked 
|  16|0x0000000083200000, 0x0000000083200000, 0x0000000083300000|  0%| F|  |TAMS 0x0000000083200000, 0x0000000083200000| Untracked 
|  17|0x0000000083300000, 0x0000000083300000, 0x0000000083400000|  0%| F|  |TAMS 0x0000000083300000, 0x0000000083300000| Untracked 
|  18|0x0000000083400000, 0x0000000083400000, 0x0000000083500000|  0%| F|  |TAMS 0x0000000083400000, 0x0000000083400000| Untracked 
|  19|0x0000000083500000, 0x0000000083500000, 0x0000000083600000|  0%| F|  |TAMS 0x0000000083500000, 0x0000000083500000| Untracked 
|  20|0x0000000083600000, 0x0000000083600000, 0x0000000083700000|  0%| F|  |TAMS 0x0000000083600000, 0x0000000083600000| Untracked 
|  21|0x0000000083700000, 0x0000000083700000, 0x0000000083800000|  0%| F|  |TAMS 0x0000000083700000, 0x0000000083700000| Untracked 
|  22|0x0000000083800000, 0x0000000083800000, 0x0000000083900000|  0%| F|  |TAMS 0x0000000083800000, 0x0000000083800000| Untracked 
|  23|0x0000000083900000, 0x0000000083900000, 0x0000000083a00000|  0%| F|  |TAMS 0x0000000083900000, 0x0000000083900000| Untracked 
|  24|0x0000000083a00000, 0x0000000083a00000, 0x0000000083b00000|  0%| F|  |TAMS 0x0000000083a00000, 0x0000000083a00000| Untracked 
|  25|0x0000000083b00000, 0x0000000083b00000, 0x0000000083c00000|  0%| F|  |TAMS 0x0000000083b00000, 0x0000000083b00000| Untracked 
|  26|0x0000000083c00000, 0x0000000083c00000, 0x0000000083d00000|  0%| F|  |TAMS 0x0000000083c00000, 0x0000000083c00000| Untracked 
|  27|0x0000000083d00000, 0x0000000083d00000, 0x0000000083e00000|  0%| F|  |TAMS 0x0000000083d00000, 0x0000000083d00000| Untracked 
|  28|0x0000000083e00000, 0x0000000083e00000, 0x0000000083f00000|  0%| F|  |TAMS 0x0000000083e00000, 0x0000000083e00000| Untracked 
|  29|0x0000000083f00000, 0x0000000083f00000, 0x0000000084000000|  0%| F|  |TAMS 0x0000000083f00000, 0x0000000083f00000| Untracked 
|  30|0x0000000084000000, 0x0000000084000000, 0x0000000084100000|  0%| F|  |TAMS 0x0000000084000000, 0x0000000084000000| Untracked 
|  31|0x0000000084100000, 0x0000000084100000, 0x0000000084200000|  0%| F|  |TAMS 0x0000000084100000, 0x0000000084100000| Untracked 
|  32|0x0000000084200000, 0x0000000084200000, 0x0000000084300000|  0%| F|  |TAMS 0x0000000084200000, 0x0000000084200000| Untracked 
|  33|0x0000000084300000, 0x0000000084300000, 0x0000000084400000|  0%| F|  |TAMS 0x0000000084300000, 0x0000000084300000| Untracked 
|  34|0x0000000084400000, 0x0000000084400000, 0x0000000084500000|  0%| F|  |TAMS 0x0000000084400000, 0x0000000084400000| Untracked 
|  35|0x0000000084500000, 0x0000000084500000, 0x0000000084600000|  0%| F|  |TAMS 0x0000000084500000, 0x0000000084500000| Untracked 
|  36|0x0000000084600000, 0x0000000084600000, 0x0000000084700000|  0%| F|  |TAMS 0x0000000084600000, 0x0000000084600000| Untracked 
|  37|0x0000000084700000, 0x0000000084700000, 0x0000000084800000|  0%| F|  |TAMS 0x0000000084700000, 0x0000000084700000| Untracked 
|  38|0x0000000084800000, 0x0000000084800000, 0x0000000084900000|  0%| F|  |TAMS 0x0000000084800000, 0x0000000084800000| Untracked 
|  39|0x0000000084900000, 0x0000000084900000, 0x0000000084a00000|  0%| F|  |TAMS 0x0000000084900000, 0x0000000084900000| Untracked 
|  40|0x0000000084a00000, 0x0000000084a00000, 0x0000000084b00000|  0%| F|  |TAMS 0x0000000084a00000, 0x0000000084a00000| Untracked 
|  41|0x0000000084b00000, 0x0000000084b00000, 0x0000000084c00000|  0%| F|  |TAMS 0x0000000084b00000, 0x0000000084b00000| Untracked 
|  42|0x0000000084c00000, 0x0000000084c00000, 0x0000000084d00000|  0%| F|  |TAMS 0x0000000084c00000, 0x0000000084c00000| Untracked 
|  43|0x0000000084d00000, 0x0000000084d00000, 0x0000000084e00000|  0%| F|  |TAMS 0x0000000084d00000, 0x0000000084d00000| Untracked 
|  44|0x0000000084e00000, 0x0000000084e00000, 0x0000000084f00000|  0%| F|  |TAMS 0x0000000084e00000, 0x0000000084e00000| Untracked 
|  45|0x0000000084f00000, 0x0000000084f00000, 0x0000000085000000|  0%| F|  |TAMS 0x0000000084f00000, 0x0000000084f00000| Untracked 
|  46|0x0000000085000000, 0x0000000085000000, 0x0000000085100000|  0%| F|  |TAMS 0x0000000085000000, 0x0000000085000000| Untracked 
|  47|0x0000000085100000, 0x0000000085100000, 0x0000000085200000|  0%| F|  |TAMS 0x0000000085100000, 0x0000000085100000| Untracked 
|  48|0x0000000085200000, 0x0000000085200000, 0x0000000085300000|  0%| F|  |TAMS 0x0000000085200000, 0x0000000085200000| Untracked 
|  49|0x0000000085300000, 0x0000000085300000, 0x0000000085400000|  0%| F|  |TAMS 0x0000000085300000, 0x0000000085300000| Untracked 
|  50|0x0000000085400000, 0x0000000085400000, 0x0000000085500000|  0%| F|  |TAMS 0x0000000085400000, 0x0000000085400000| Untracked 
|  51|0x0000000085500000, 0x0000000085500000, 0x0000000085600000|  0%| F|  |TAMS 0x0000000085500000, 0x0000000085500000| Untracked 
|  52|0x0000000085600000, 0x0000000085600000, 0x0000000085700000|  0%| F|  |TAMS 0x0000000085600000, 0x0000000085600000| Untracked 
|  53|0x0000000085700000, 0x0000000085700000, 0x0000000085800000|  0%| F|  |TAMS 0x0000000085700000, 0x0000000085700000| Untracked 
|  54|0x0000000085800000, 0x0000000085800000, 0x0000000085900000|  0%| F|  |TAMS 0x0000000085800000, 0x0000000085800000| Untracked 
|  55|0x0000000085900000, 0x0000000085900000, 0x0000000085a00000|  0%| F|  |TAMS 0x0000000085900000, 0x0000000085900000| Untracked 
|  56|0x0000000085a00000, 0x0000000085a00000, 0x0000000085b00000|  0%| F|  |TAMS 0x0000000085a00000, 0x0000000085a00000| Untracked 
|  57|0x0000000085b00000, 0x0000000085b00000, 0x0000000085c00000|  0%| F|  |TAMS 0x0000000085b00000, 0x0000000085b00000| Untracked 
|  58|0x0000000085c00000, 0x0000000085c00000, 0x0000000085d00000|  0%| F|  |TAMS 0x0000000085c00000, 0x0000000085c00000| Untracked 
|  59|0x0000000085d00000, 0x0000000085d00000, 0x0000000085e00000|  0%| F|  |TAMS 0x0000000085d00000, 0x0000000085d00000| Untracked 
|  60|0x0000000085e00000, 0x0000000085e00000, 0x0000000085f00000|  0%| F|  |TAMS 0x0000000085e00000, 0x0000000085e00000| Untracked 
|  61|0x0000000085f00000, 0x0000000085f00000, 0x0000000086000000|  0%| F|  |TAMS 0x0000000085f00000, 0x0000000085f00000| Untracked 
|  62|0x0000000086000000, 0x0000000086000000, 0x0000000086100000|  0%| F|  |TAMS 0x0000000086000000, 0x0000000086000000| Untracked 
|  63|0x0000000086100000, 0x0000000086100000, 0x0000000086200000|  0%| F|  |TAMS 0x0000000086100000, 0x0000000086100000| Untracked 
|  64|0x0000000086200000, 0x0000000086200000, 0x0000000086300000|  0%| F|  |TAMS 0x0000000086200000, 0x0000000086200000| Untracked 
|  65|0x0000000086300000, 0x0000000086300000, 0x0000000086400000|  0%| F|  |TAMS 0x0000000086300000, 0x0000000086300000| Untracked 
|  66|0x0000000086400000, 0x0000000086400000, 0x0000000086500000|  0%| F|  |TAMS 0x0000000086400000, 0x0000000086400000| Untracked 
|  67|0x0000000086500000, 0x0000000086500000, 0x0000000086600000|  0%| F|  |TAMS 0x0000000086500000, 0x0000000086500000| Untracked 
|  68|0x0000000086600000, 0x0000000086600000, 0x0000000086700000|  0%| F|  |TAMS 0x0000000086600000, 0x0000000086600000| Untracked 
|  69|0x0000000086700000, 0x0000000086700000, 0x0000000086800000|  0%| F|  |TAMS 0x0000000086700000, 0x0000000086700000| Untracked 
|  70|0x0000000086800000, 0x0000000086800000, 0x0000000086900000|  0%| F|  |TAMS 0x0000000086800000, 0x0000000086800000| Untracked 
|  71|0x0000000086900000, 0x0000000086900000, 0x0000000086a00000|  0%| F|  |TAMS 0x0000000086900000, 0x0000000086900000| Untracked 
|  72|0x0000000086a00000, 0x0000000086a00000, 0x0000000086b00000|  0%| F|  |TAMS 0x0000000086a00000, 0x0000000086a00000| Untracked 
|  73|0x0000000086b00000, 0x0000000086b00000, 0x0000000086c00000|  0%| F|  |TAMS 0x0000000086b00000, 0x0000000086b00000| Untracked 
|  74|0x0000000086c00000, 0x0000000086c00000, 0x0000000086d00000|  0%| F|  |TAMS 0x0000000086c00000, 0x0000000086c00000| Untracked 
|  75|0x0000000086d00000, 0x0000000086d00000, 0x0000000086e00000|  0%| F|  |TAMS 0x0000000086d00000, 0x0000000086d00000| Untracked 
|  76|0x0000000086e00000, 0x0000000086e00000, 0x0000000086f00000|  0%| F|  |TAMS 0x0000000086e00000, 0x0000000086e00000| Untracked 
|  77|0x0000000086f00000, 0x0000000086f00000, 0x0000000087000000|  0%| F|  |TAMS 0x0000000086f00000, 0x0000000086f00000| Untracked 
|  78|0x0000000087000000, 0x0000000087000000, 0x0000000087100000|  0%| F|  |TAMS 0x0000000087000000, 0x0000000087000000| Untracked 
|  79|0x0000000087100000, 0x0000000087100000, 0x0000000087200000|  0%| F|  |TAMS 0x0000000087100000, 0x0000000087100000| Untracked 
|  80|0x0000000087200000, 0x0000000087200000, 0x0000000087300000|  0%| F|  |TAMS 0x0000000087200000, 0x0000000087200000| Untracked 
|  81|0x0000000087300000, 0x0000000087300000, 0x0000000087400000|  0%| F|  |TAMS 0x0000000087300000, 0x0000000087300000| Untracked 
|  82|0x0000000087400000, 0x0000000087400000, 0x0000000087500000|  0%| F|  |TAMS 0x0000000087400000, 0x0000000087400000| Untracked 
|  83|0x0000000087500000, 0x0000000087500000, 0x0000000087600000|  0%| F|  |TAMS 0x0000000087500000, 0x0000000087500000| Untracked 
|  84|0x0000000087600000, 0x0000000087600000, 0x0000000087700000|  0%| F|  |TAMS 0x0000000087600000, 0x0000000087600000| Untracked 
|  85|0x0000000087700000, 0x0000000087700000, 0x0000000087800000|  0%| F|  |TAMS 0x0000000087700000, 0x0000000087700000| Untracked 
|  86|0x0000000087800000, 0x0000000087800000, 0x0000000087900000|  0%| F|  |TAMS 0x0000000087800000, 0x0000000087800000| Untracked 
|  87|0x0000000087900000, 0x0000000087900000, 0x0000000087a00000|  0%| F|  |TAMS 0x0000000087900000, 0x0000000087900000| Untracked 
|  88|0x0000000087a00000, 0x0000000087a00000, 0x0000000087b00000|  0%| F|  |TAMS 0x0000000087a00000, 0x0000000087a00000| Untracked 
|  89|0x0000000087b00000, 0x0000000087b00000, 0x0000000087c00000|  0%| F|  |TAMS 0x0000000087b00000, 0x0000000087b00000| Untracked 
|  90|0x0000000087c00000, 0x0000000087c00000, 0x0000000087d00000|  0%| F|  |TAMS 0x0000000087c00000, 0x0000000087c00000| Untracked 
|  91|0x0000000087d00000, 0x0000000087d00000, 0x0000000087e00000|  0%| F|  |TAMS 0x0000000087d00000, 0x0000000087d00000| Untracked 
|  92|0x0000000087e00000, 0x0000000087e00000, 0x0000000087f00000|  0%| F|  |TAMS 0x0000000087e00000, 0x0000000087e00000| Untracked 
|  93|0x0000000087f00000, 0x0000000087f00000, 0x0000000088000000|  0%| F|  |TAMS 0x0000000087f00000, 0x0000000087f00000| Untracked 
|  94|0x0000000088000000, 0x0000000088000000, 0x0000000088100000|  0%| F|  |TAMS 0x0000000088000000, 0x0000000088000000| Untracked 
|  95|0x0000000088100000, 0x0000000088100000, 0x0000000088200000|  0%| F|  |TAMS 0x0000000088100000, 0x0000000088100000| Untracked 
|  96|0x0000000088200000, 0x0000000088200000, 0x0000000088300000|  0%| F|  |TAMS 0x0000000088200000, 0x0000000088200000| Untracked 
|  97|0x0000000088300000, 0x0000000088300000, 0x0000000088400000|  0%| F|  |TAMS 0x0000000088300000, 0x0000000088300000| Untracked 
|  98|0x0000000088400000, 0x0000000088400000, 0x0000000088500000|  0%| F|  |TAMS 0x0000000088400000, 0x0000000088400000| Untracked 
|  99|0x0000000088500000, 0x0000000088500000, 0x0000000088600000|  0%| F|  |TAMS 0x0000000088500000, 0x0000000088500000| Untracked 
| 100|0x0000000088600000, 0x0000000088600000, 0x0000000088700000|  0%| F|  |TAMS 0x0000000088600000, 0x0000000088600000| Untracked 
| 101|0x0000000088700000, 0x0000000088700000, 0x0000000088800000|  0%| F|  |TAMS 0x0000000088700000, 0x0000000088700000| Untracked 
| 102|0x0000000088800000, 0x0000000088800000, 0x0000000088900000|  0%| F|  |TAMS 0x0000000088800000, 0x0000000088800000| Untracked 
| 103|0x0000000088900000, 0x0000000088900000, 0x0000000088a00000|  0%| F|  |TAMS 0x0000000088900000, 0x0000000088900000| Untracked 
| 104|0x0000000088a00000, 0x0000000088a00000, 0x0000000088b00000|  0%| F|  |TAMS 0x0000000088a00000, 0x0000000088a00000| Untracked 
| 105|0x0000000088b00000, 0x0000000088b00000, 0x0000000088c00000|  0%| F|  |TAMS 0x0000000088b00000, 0x0000000088b00000| Untracked 
| 106|0x0000000088c00000, 0x0000000088c00000, 0x0000000088d00000|  0%| F|  |TAMS 0x0000000088c00000, 0x0000000088c00000| Untracked 
| 107|0x0000000088d00000, 0x0000000088d00000, 0x0000000088e00000|  0%| F|  |TAMS 0x0000000088d00000, 0x0000000088d00000| Untracked 
| 108|0x0000000088e00000, 0x0000000088e00000, 0x0000000088f00000|  0%| F|  |TAMS 0x0000000088e00000, 0x0000000088e00000| Untracked 
| 109|0x0000000088f00000, 0x0000000088f00000, 0x0000000089000000|  0%| F|  |TAMS 0x0000000088f00000, 0x0000000088f00000| Untracked 
| 110|0x0000000089000000, 0x0000000089000000, 0x0000000089100000|  0%| F|  |TAMS 0x0000000089000000, 0x0000000089000000| Untracked 
| 111|0x0000000089100000, 0x0000000089100000, 0x0000000089200000|  0%| F|  |TAMS 0x0000000089100000, 0x0000000089100000| Untracked 
| 112|0x0000000089200000, 0x0000000089200000, 0x0000000089300000|  0%| F|  |TAMS 0x0000000089200000, 0x0000000089200000| Untracked 
| 113|0x0000000089300000, 0x0000000089312b60, 0x0000000089400000|  7%| S|CS|TAMS 0x0000000089300000, 0x0000000089300000| Complete 
| 114|0x0000000089400000, 0x0000000089500000, 0x0000000089500000|100%| S|CS|TAMS 0x0000000089400000, 0x0000000089400000| Complete 
| 115|0x0000000089500000, 0x0000000089500000, 0x0000000089600000|  0%| F|  |TAMS 0x0000000089500000, 0x0000000089500000| Untracked 
| 116|0x0000000089600000, 0x0000000089600000, 0x0000000089700000|  0%| F|  |TAMS 0x0000000089600000, 0x0000000089600000| Untracked 
| 117|0x0000000089700000, 0x0000000089700000, 0x0000000089800000|  0%| F|  |TAMS 0x0000000089700000, 0x0000000089700000| Untracked 
| 118|0x0000000089800000, 0x0000000089800000, 0x0000000089900000|  0%| F|  |TAMS 0x0000000089800000, 0x0000000089800000| Untracked 
| 119|0x0000000089900000, 0x0000000089900000, 0x0000000089a00000|  0%| F|  |TAMS 0x0000000089900000, 0x0000000089900000| Untracked 
| 120|0x0000000089a00000, 0x0000000089a00000, 0x0000000089b00000|  0%| F|  |TAMS 0x0000000089a00000, 0x0000000089a00000| Untracked 
| 121|0x0000000089b00000, 0x0000000089b00000, 0x0000000089c00000|  0%| F|  |TAMS 0x0000000089b00000, 0x0000000089b00000| Untracked 
| 122|0x0000000089c00000, 0x0000000089c00000, 0x0000000089d00000|  0%| F|  |TAMS 0x0000000089c00000, 0x0000000089c00000| Untracked 
| 123|0x0000000089d00000, 0x0000000089d00000, 0x0000000089e00000|  0%| F|  |TAMS 0x0000000089d00000, 0x0000000089d00000| Untracked 
| 124|0x0000000089e00000, 0x0000000089e00000, 0x0000000089f00000|  0%| F|  |TAMS 0x0000000089e00000, 0x0000000089e00000| Untracked 
| 125|0x0000000089f00000, 0x0000000089f9b218, 0x000000008a000000| 60%| E|  |TAMS 0x0000000089f00000, 0x0000000089f00000| Complete 

Card table byte_map: [0x000001afc36e0000,0x000001afc3ad0000] _byte_map_base: 0x000001afc32cf000

Marking Bits (Prev, Next): (CMBitMap*) 0x000001afaef8ca30, (CMBitMap*) 0x000001afaef8ca70
 Prev Bits: [0x000001afc3ec0000, 0x000001afc5e38000)
 Next Bits: [0x000001afc5e40000, 0x000001afc7db8000)

Polling page: 0x000001afaedb0000

Metaspace:

Usage:
  Non-class:     11.92 MB used.
      Class:      1.36 MB used.
       Both:     13.28 MB used.

Virtual space:
  Non-class space:       16.00 MB reserved,      12.00 MB ( 75%) committed,  2 nodes.
      Class space:        1.00 GB reserved,       1.44 MB ( <1%) committed,  1 nodes.
              Both:        1.02 GB reserved,      13.44 MB (  1%) committed. 

Chunk freelists:
   Non-Class:  3.97 MB
       Class:  2.45 MB
        Both:  6.42 MB

MaxMetaspaceSize: 17179869184.00 GB
CompressedClassSpaceSize: 1.00 GB
 - commit_granule_bytes: 65536.
 - commit_granule_words: 8192.
 - virtual_space_node_default_size: 1048576.
 - enlarge_chunks_in_place: 1.
 - new_chunks_are_fully_committed: 0.
 - uncommit_free_chunks: 1.
 - use_allocation_guard: 0.
 - handle_deallocations: 1.


Internal statistics:

num_allocs_failed_limit: 0.
num_arena_births: 94.
num_arena_deaths: 0.
num_vsnodes_births: 3.
num_vsnodes_deaths: 0.
num_space_committed: 215.
num_space_uncommitted: 0.
num_chunks_returned_to_freelist: 0.
num_chunks_taken_from_freelist: 287.
num_chunk_merges: 0.
num_chunk_splits: 153.
num_chunks_enlarged: 98.
num_purges: 0.

CodeHeap 'non-profiled nmethods': size=120000Kb used=417Kb max_used=417Kb free=119582Kb
 bounds [0x000001afbb7a0000, 0x000001afbba10000, 0x000001afc2cd0000]
CodeHeap 'profiled nmethods': size=120000Kb used=2434Kb max_used=2434Kb free=117565Kb
 bounds [0x000001afb4270000, 0x000001afb44e0000, 0x000001afbb7a0000]
CodeHeap 'non-nmethods': size=5760Kb used=1139Kb max_used=1167Kb free=4620Kb
 bounds [0x000001afb3cd0000, 0x000001afb3f40000, 0x000001afb4270000]
 total_blobs=1684 nmethods=1264 adapters=333
 compilation: enabled
              stopped_count=0, restarted_count=0
 full_count=0

Compilation events (20 events):
Event: 1.138 Thread 0x000001afca41e3b0 nmethod 1212 0x000001afb44a2890 code [0x000001afb44a2a20, 0x000001afb44a2b98]
Event: 1.139 Thread 0x000001afca41e3b0 1213       3       sun.util.locale.ParseStatus::isError (13 bytes)
Event: 1.139 Thread 0x000001afca41e3b0 nmethod 1213 0x000001afb44a2c10 code [0x000001afb44a2da0, 0x000001afb44a2f18]
Event: 1.139 Thread 0x000001afca41e3b0 1215       3       sun.util.locale.LocaleUtils::isAlphaString (33 bytes)
Event: 1.139 Thread 0x000001afca41e3b0 nmethod 1215 0x000001afb44a2f90 code [0x000001afb44a31c0, 0x000001afb44a3ab8]
Event: 1.139 Thread 0x000001afca41e3b0 1216       3       sun.util.locale.BaseLocale::hashCode (67 bytes)
Event: 1.140 Thread 0x000001afca41e3b0 nmethod 1216 0x000001afb44a3e10 code [0x000001afb44a3fe0, 0x000001afb44a42b8]
Event: 1.140 Thread 0x000001afca41e3b0 1214       3       java.lang.ref.SoftReference::<init> (14 bytes)
Event: 1.140 Thread 0x000001afca41e3b0 nmethod 1214 0x000001afb44a4410 code [0x000001afb44a45c0, 0x000001afb44a48b8]
Event: 1.140 Thread 0x000001afca41e3b0 1217       1       sun.util.locale.LanguageTag::getLanguage (5 bytes)
Event: 1.140 Thread 0x000001afca41e3b0 nmethod 1217 0x000001afbb807110 code [0x000001afbb8072a0, 0x000001afbb807378]
Event: 1.140 Thread 0x000001afca41e3b0 1218       1       sun.util.locale.LanguageTag::getScript (5 bytes)
Event: 1.140 Thread 0x000001afca41e3b0 nmethod 1218 0x000001afbb807410 code [0x000001afbb8075a0, 0x000001afbb807678]
Event: 1.140 Thread 0x000001afca41e3b0 1219       1       sun.util.locale.LanguageTag::getRegion (5 bytes)
Event: 1.140 Thread 0x000001afca41e3b0 nmethod 1219 0x000001afbb807710 code [0x000001afbb8078a0, 0x000001afbb807978]
Event: 1.140 Thread 0x000001afca41e3b0 1220       1       sun.util.locale.LanguageTag::getPrivateuse (5 bytes)
Event: 1.141 Thread 0x000001afca41e3b0 nmethod 1220 0x000001afbb807a10 code [0x000001afbb807ba0, 0x000001afbb807c78]
Event: 1.141 Thread 0x000001afca41e3b0 1221       3       sun.util.locale.StringTokenIterator::nextDelimiter (116 bytes)
Event: 1.143 Thread 0x000001afca41e3b0 nmethod 1221 0x000001afb44a4990 code [0x000001afb44a4cc0, 0x000001afb44a6118]
Event: 1.143 Thread 0x000001afca41e3b0 1224       3       sun.util.locale.BaseLocale$Key::hashCode (178 bytes)

GC Heap History (2 events):
Event: 0.763 GC heap before
{Heap before GC invocations=0 (full 0):
 garbage-first heap   total 129024K, used 13312K [0x0000000082200000, 0x0000000100000000)
  region size 1024K, 13 young (13312K), 0 survivors (0K)
 Metaspace       used 10109K, committed 10240K, reserved 1064960K
  class space    used 948K, committed 1024K, reserved 1048576K
}
Event: 0.768 GC heap after
{Heap after GC invocations=1 (full 0):
 garbage-first heap   total 129024K, used 6892K [0x0000000082200000, 0x0000000100000000)
  region size 1024K, 2 young (2048K), 2 survivors (2048K)
 Metaspace       used 10109K, committed 10240K, reserved 1064960K
  class space    used 948K, committed 1024K, reserved 1048576K
}

Deoptimization events (20 events):
Event: 1.047 Thread 0x000001afaef4dc20 DEOPT PACKING pc=0x000001afbb7d22bc sp=0x0000001b939fc840
Event: 1.047 Thread 0x000001afaef4dc20 DEOPT UNPACKING pc=0x000001afb3d1d72e sp=0x0000001b939fc7e8 mode 2
Event: 1.047 Thread 0x000001afaef4dc20 Uncommon trap: trap_request=0xffffffde fr.pc=0x000001afbb7d22bc relative=0x000000000000019c
Event: 1.047 Thread 0x000001afaef4dc20 Uncommon trap: reason=class_check action=maybe_recompile pc=0x000001afbb7d22bc method=java.lang.String.equals(Ljava/lang/Object;)Z @ 8 c2
Event: 1.047 Thread 0x000001afaef4dc20 DEOPT PACKING pc=0x000001afbb7d22bc sp=0x0000001b939fc840
Event: 1.047 Thread 0x000001afaef4dc20 DEOPT UNPACKING pc=0x000001afb3d1d72e sp=0x0000001b939fc7e8 mode 2
Event: 1.048 Thread 0x000001afaef4dc20 Uncommon trap: trap_request=0xffffffde fr.pc=0x000001afbb7d22bc relative=0x000000000000019c
Event: 1.048 Thread 0x000001afaef4dc20 Uncommon trap: reason=class_check action=maybe_recompile pc=0x000001afbb7d22bc method=java.lang.String.equals(Ljava/lang/Object;)Z @ 8 c2
Event: 1.048 Thread 0x000001afaef4dc20 DEOPT PACKING pc=0x000001afbb7d22bc sp=0x0000001b939fc920
Event: 1.048 Thread 0x000001afaef4dc20 DEOPT UNPACKING pc=0x000001afb3d1d72e sp=0x0000001b939fc8c8 mode 2
Event: 1.070 Thread 0x000001afaef4dc20 DEOPT PACKING pc=0x000001afb42d65c8 sp=0x0000001b939fb000
Event: 1.070 Thread 0x000001afaef4dc20 DEOPT UNPACKING pc=0x000001afb3d1dece sp=0x0000001b939fa460 mode 0
Event: 1.096 Thread 0x000001afaef4dc20 Uncommon trap: trap_request=0xffffff45 fr.pc=0x000001afbb803ae8 relative=0x0000000000000248
Event: 1.096 Thread 0x000001afaef4dc20 Uncommon trap: reason=unstable_if action=reinterpret pc=0x000001afbb803ae8 method=java.io.BufferedReader.read()I @ 19 c2
Event: 1.096 Thread 0x000001afaef4dc20 DEOPT PACKING pc=0x000001afbb803ae8 sp=0x0000001b939fa470
Event: 1.096 Thread 0x000001afaef4dc20 DEOPT UNPACKING pc=0x000001afb3d1d72e sp=0x0000001b939fa3b0 mode 2
Event: 1.100 Thread 0x000001afaef4dc20 Uncommon trap: trap_request=0xffffff45 fr.pc=0x000001afbb8034fc relative=0x000000000000025c
Event: 1.100 Thread 0x000001afaef4dc20 Uncommon trap: reason=unstable_if action=reinterpret pc=0x000001afbb8034fc method=java.io.BufferedReader.read()I @ 19 c2
Event: 1.100 Thread 0x000001afaef4dc20 DEOPT PACKING pc=0x000001afbb8034fc sp=0x0000001b939fa3d0
Event: 1.100 Thread 0x000001afaef4dc20 DEOPT UNPACKING pc=0x000001afb3d1d72e sp=0x0000001b939fa388 mode 2

Classes unloaded (0 events):
No events

Classes redefined (0 events):
No events

Internal exceptions (20 events):
Event: 0.850 Thread 0x000001afaef4dc20 Exception <a 'java/lang/NoSuchMethodError'{0x0000000089d7d800}: 'java.lang.Object java.lang.invoke.DirectMethodHandle$Holder.newInvokeSpecial(java.lang.Object, java.lang.Object, java.lang.Object, java.lang.Object, java.lang.Object, java.lang.Object)'> (0x0000000089d7d800) 
thrown [t:\workspace\open\src\hotspot\share\interpreter\linkResolver.cpp, line 790]
Event: 0.857 Thread 0x000001afaef4dc20 Exception <a 'java/lang/NoSuchMethodError'{0x0000000089dc7820}: 'void java.lang.invoke.DirectMethodHandle$Holder.invokeInterface(java.lang.Object, java.lang.Object, java.lang.Object, java.lang.Object, java.lang.Object)'> (0x0000000089dc7820) 
thrown [t:\workspace\open\src\hotspot\share\interpreter\linkResolver.cpp, line 790]
Event: 0.858 Thread 0x000001afaef4dc20 Exception <a 'java/lang/IncompatibleClassChangeError'{0x0000000089dcb6f0}: Found class java.lang.Object, but interface was expected> (0x0000000089dcb6f0) 
thrown [t:\workspace\open\src\hotspot\share\interpreter\linkResolver.cpp, line 857]
Event: 0.866 Thread 0x000001afaef4dc20 Exception <a 'java/lang/IncompatibleClassChangeError'{0x0000000089df60c0}: Found class java.lang.Object, but interface was expected> (0x0000000089df60c0) 
thrown [t:\workspace\open\src\hotspot\share\interpreter\linkResolver.cpp, line 857]
Event: 0.873 Thread 0x000001afaef4dc20 Exception <a 'java/lang/NoSuchMethodError'{0x0000000089c19fc0}: 'void java.lang.invoke.DirectMethodHandle$Holder.invokeSpecial(java.lang.Object, java.lang.Object, java.lang.Object, java.lang.Object, java.lang.Object)'> (0x0000000089c19fc0) 
thrown [t:\workspace\open\src\hotspot\share\interpreter\linkResolver.cpp, line 790]
Event: 0.892 Thread 0x000001afaef4dc20 Exception <a 'java/lang/NoSuchMethodError'{0x0000000089c89008}: 'java.lang.Object java.lang.invoke.DirectMethodHandle$Holder.invokeVirtual(java.lang.Object, java.lang.Object, java.lang.Object)'> (0x0000000089c89008) 
thrown [t:\workspace\open\src\hotspot\share\interpreter\linkResolver.cpp, line 790]
Event: 0.900 Thread 0x000001afaef4dc20 Exception <a 'java/lang/NoSuchMethodError'{0x0000000089cc9218}: 'void java.lang.invoke.DirectMethodHandle$Holder.invokeInterface(java.lang.Object, java.lang.Object, java.lang.Object, java.lang.Object)'> (0x0000000089cc9218) 
thrown [t:\workspace\open\src\hotspot\share\interpreter\linkResolver.cpp, line 790]
Event: 0.901 Thread 0x000001afaef4dc20 Exception <a 'java/lang/IncompatibleClassChangeError'{0x0000000089cccd40}: Found class java.lang.Object, but interface was expected> (0x0000000089cccd40) 
thrown [t:\workspace\open\src\hotspot\share\interpreter\linkResolver.cpp, line 857]
Event: 0.904 Thread 0x000001afaef4dc20 Exception <a 'java/lang/NoSuchMethodError'{0x0000000089ce5ec8}: 'void java.lang.invoke.DirectMethodHandle$Holder.invokeStatic(java.lang.Object, java.lang.Object, java.lang.Object, java.lang.Object)'> (0x0000000089ce5ec8) 
thrown [t:\workspace\open\src\hotspot\share\interpreter\linkResolver.cpp, line 790]
Event: 0.916 Thread 0x000001afaef4dc20 Exception <a 'java/lang/NoSuchMethodError'{0x0000000089b50770}: 'int java.lang.invoke.DirectMethodHandle$Holder.invokeStatic(java.lang.Object, java.lang.Object, java.lang.Object, java.lang.Object)'> (0x0000000089b50770) 
thrown [t:\workspace\open\src\hotspot\share\interpreter\linkResolver.cpp, line 790]
Event: 0.917 Thread 0x000001afaef4dc20 Exception <a 'java/lang/NoSuchMethodError'{0x0000000089b542c8}: 'java.lang.Object java.lang.invoke.Invokers$Holder.invokeExact_MT(java.lang.Object, java.lang.Object, java.lang.Object, java.lang.Object, java.lang.Object, java.lang.Object)'> (0x0000000089b542c8) 
thrown [t:\workspace\open\src\hotspot\share\interpreter\linkResolver.cpp, line 790]
Event: 0.919 Thread 0x000001afaef4dc20 Exception <a 'java/lang/NoSuchMethodError'{0x0000000089b64760}: 'int java.lang.invoke.DirectMethodHandle$Holder.invokeStatic(java.lang.Object, java.lang.Object, java.lang.Object, java.lang.Object, java.lang.Object)'> (0x0000000089b64760) 
thrown [t:\workspace\open\src\hotspot\share\interpreter\linkResolver.cpp, line 790]
Event: 0.960 Thread 0x000001afaef4dc20 Exception <a 'java/lang/NoSuchMethodError'{0x0000000089aa3e58}: 'int java.lang.invoke.DirectMethodHandle$Holder.invokeStaticInit(java.lang.Object, java.lang.Object, java.lang.Object)'> (0x0000000089aa3e58) 
thrown [t:\workspace\open\src\hotspot\share\interpreter\linkResolver.cpp, line 790]
Event: 0.968 Thread 0x000001afaef4dc20 Exception <a 'java/lang/NoSuchMethodError'{0x0000000089adba58}: 'int java.lang.invoke.DirectMethodHandle$Holder.invokeStaticInit(java.lang.Object, java.lang.Object)'> (0x0000000089adba58) 
thrown [t:\workspace\open\src\hotspot\share\interpreter\linkResolver.cpp, line 790]
Event: 1.006 Thread 0x000001afaef4dc20 Exception <a 'java/lang/NoSuchMethodError'{0x00000000899f5278}: 'java.lang.Object java.lang.invoke.DirectMethodHandle$Holder.newInvokeSpecial(java.lang.Object, java.lang.Object, java.lang.Object, java.lang.Object, java.lang.Object, java.lang.Object, java.lang.Object)'> (0x00000000899f5278) 
thrown [t:\workspace\open\src\hotspot\share\interpreter\linkResolver.cpp, line 790]
Event: 1.007 Thread 0x000001afaef4dc20 Exception <a 'java/lang/NoSuchMethodError'{0x00000000899f9d88}: 'java.lang.Object java.lang.invoke.Invokers$Holder.linkToTargetMethod(java.lang.Object, java.lang.Object, java.lang.Object, java.lang.Object, java.lang.Object, java.lang.Object, java.lang.Object)'> (0x00000000899f9d88) 
thrown [t:\workspace\open\src\hotspot\share\interpreter\linkResolver.cpp, line 790]
Event: 1.008 Thread 0x000001afaef4dc20 Exception <a 'java/lang/NoSuchMethodError'{0x0000000089805c10}: 'java.lang.Object java.lang.invoke.DirectMethodHandle$Holder.invokeInterface(java.lang.Object, java.lang.Object, java.lang.Object, java.lang.Object, java.lang.Object)'> (0x0000000089805c10) 
thrown [t:\workspace\open\src\hotspot\share\interpreter\linkResolver.cpp, line 790]
Event: 1.008 Thread 0x000001afaef4dc20 Exception <a 'java/lang/IncompatibleClassChangeError'{0x0000000089809960}: Found class java.lang.Object, but interface was expected> (0x0000000089809960) 
thrown [t:\workspace\open\src\hotspot\share\interpreter\linkResolver.cpp, line 857]
Event: 1.098 Thread 0x000001afaef4dc20 Exception <a 'java/lang/ClassNotFoundException'{0x00000000896f3ac0}: javax/smartcardio/CardPermission> (0x00000000896f3ac0) 
thrown [t:\workspace\open\src\hotspot\share\classfile\systemDictionary.cpp, line 256]
Event: 1.102 Thread 0x000001afaef4dc20 Exception <a 'java/io/FileNotFoundException'{0x00000000895032d0}> (0x00000000895032d0) 
thrown [t:\workspace\open\src\hotspot\share\prims\jni.cpp, line 579]

Events (20 events):
Event: 1.132 loading class java/text/spi/DateFormatProvider
Event: 1.132 loading class java/text/spi/DateFormatProvider done
Event: 1.132 loading class java/text/spi/DateFormatSymbolsProvider
Event: 1.132 loading class java/text/spi/DateFormatSymbolsProvider done
Event: 1.132 loading class java/text/spi/NumberFormatProvider
Event: 1.132 loading class java/text/spi/NumberFormatProvider done
Event: 1.132 loading class java/util/spi/CurrencyNameProvider
Event: 1.132 loading class java/util/spi/CurrencyNameProvider done
Event: 1.132 loading class java/util/spi/LocaleNameProvider
Event: 1.132 loading class java/util/spi/LocaleNameProvider done
Event: 1.132 loading class java/util/spi/TimeZoneNameProvider
Event: 1.132 loading class java/util/spi/TimeZoneNameProvider done
Event: 1.132 loading class sun/util/locale/provider/CalendarDataUtility$CalendarWeekParameterGetter
Event: 1.132 loading class sun/util/locale/provider/LocaleServiceProviderPool$LocalizedObjectGetter
Event: 1.132 loading class sun/util/locale/provider/LocaleServiceProviderPool$LocalizedObjectGetter done
Event: 1.132 loading class sun/util/locale/provider/CalendarDataUtility$CalendarWeekParameterGetter done
Event: 1.133 loading class sun/util/cldr/CLDRCalendarDataProviderImpl
Event: 1.133 loading class sun/util/locale/provider/CalendarDataProviderImpl
Event: 1.133 loading class sun/util/locale/provider/CalendarDataProviderImpl done
Event: 1.133 loading class sun/util/cldr/CLDRCalendarDataProviderImpl done


Dynamic libraries:
0x00007ff7a9c00000 - 0x00007ff7a9c0e000 	C:\Users\usuario\.p2\pool\plugins\org.eclipse.justj.openjdk.hotspot.jre.full.win32.x86_64_16.0.2.v20210721-1149\jre\bin\javaw.exe
0x00007ffbea910000 - 0x00007ffbeab05000 	C:\Windows\SYSTEM32\ntdll.dll
0x00007ffbe8e50000 - 0x00007ffbe8f0d000 	C:\Windows\System32\KERNEL32.DLL
0x00007ffbe82a0000 - 0x00007ffbe8569000 	C:\Windows\System32\KERNELBASE.dll
0x00007ffbe8770000 - 0x00007ffbe8870000 	C:\Windows\System32\ucrtbase.dll
0x00007ffbe61a0000 - 0x00007ffbe61b8000 	C:\Users\usuario\.p2\pool\plugins\org.eclipse.justj.openjdk.hotspot.jre.full.win32.x86_64_16.0.2.v20210721-1149\jre\bin\jli.dll
0x00007ffbe8f10000 - 0x00007ffbe90b0000 	C:\Windows\System32\USER32.dll
0x00007ffbe8570000 - 0x00007ffbe8592000 	C:\Windows\System32\win32u.dll
0x00007ffbea230000 - 0x00007ffbea25a000 	C:\Windows\System32\GDI32.dll
0x00007ffbe85d0000 - 0x00007ffbe86db000 	C:\Windows\System32\gdi32full.dll
0x00007ffbe8870000 - 0x00007ffbe890d000 	C:\Windows\System32\msvcp_win.dll
0x00007ffbe6180000 - 0x00007ffbe6199000 	C:\Users\usuario\.p2\pool\plugins\org.eclipse.justj.openjdk.hotspot.jre.full.win32.x86_64_16.0.2.v20210721-1149\jre\bin\VCRUNTIME140.dll
0x00007ffbe73f0000 - 0x00007ffbe768a000 	C:\Windows\WinSxS\amd64_microsoft.windows.common-controls_6595b64144ccf1df_6.0.19041.1110_none_60b5254171f9507e\COMCTL32.dll
0x00007ffbe9770000 - 0x00007ffbe980e000 	C:\Windows\System32\msvcrt.dll
0x00007ffbea260000 - 0x00007ffbea290000 	C:\Windows\System32\IMM32.DLL
0x00007ffbe5ce0000 - 0x00007ffbe5cec000 	C:\Users\usuario\.p2\pool\plugins\org.eclipse.justj.openjdk.hotspot.jre.full.win32.x86_64_16.0.2.v20210721-1149\jre\bin\vcruntime140_1.dll
0x00007ffbb57c0000 - 0x00007ffbb5851000 	C:\Users\usuario\.p2\pool\plugins\org.eclipse.justj.openjdk.hotspot.jre.full.win32.x86_64_16.0.2.v20210721-1149\jre\bin\msvcp140.dll
0x00007ffbb0ab0000 - 0x00007ffbb165b000 	C:\Users\usuario\.p2\pool\plugins\org.eclipse.justj.openjdk.hotspot.jre.full.win32.x86_64_16.0.2.v20210721-1149\jre\bin\server\jvm.dll
0x00007ffbe9160000 - 0x00007ffbe920c000 	C:\Windows\System32\ADVAPI32.dll
0x00007ffbe9810000 - 0x00007ffbe98ab000 	C:\Windows\System32\sechost.dll
0x00007ffbea7a0000 - 0x00007ffbea8ca000 	C:\Windows\System32\RPCRT4.dll
0x00007ffbe9a70000 - 0x00007ffbe9a78000 	C:\Windows\System32\PSAPI.DLL
0x00007ffbdba40000 - 0x00007ffbdba49000 	C:\Windows\SYSTEM32\WSOCK32.dll
0x00007ffbe98b0000 - 0x00007ffbe991b000 	C:\Windows\System32\WS2_32.dll
0x00007ffbdda10000 - 0x00007ffbdda37000 	C:\Windows\SYSTEM32\WINMM.dll
0x00007ffbe2320000 - 0x00007ffbe232a000 	C:\Windows\SYSTEM32\VERSION.dll
0x00007ffbe5c00000 - 0x00007ffbe5c12000 	C:\Windows\SYSTEM32\kernel.appcore.dll
0x00007ffbe7b60000 - 0x00007ffbe7b6a000 	C:\Users\usuario\.p2\pool\plugins\org.eclipse.justj.openjdk.hotspot.jre.full.win32.x86_64_16.0.2.v20210721-1149\jre\bin\jimage.dll
0x00007ffbe7960000 - 0x00007ffbe7b44000 	C:\Windows\SYSTEM32\DBGHELP.DLL
0x00007ffbe7790000 - 0x00007ffbe77bc000 	C:\Windows\SYSTEM32\dbgcore.DLL
0x00007ffbe86e0000 - 0x00007ffbe8763000 	C:\Windows\System32\bcryptPrimitives.dll
0x00007ffbc4430000 - 0x00007ffbc4455000 	C:\Users\usuario\.p2\pool\plugins\org.eclipse.justj.openjdk.hotspot.jre.full.win32.x86_64_16.0.2.v20210721-1149\jre\bin\java.dll
0x00007ffbde6a0000 - 0x00007ffbde6b8000 	C:\Users\usuario\.p2\pool\plugins\org.eclipse.justj.openjdk.hotspot.jre.full.win32.x86_64_16.0.2.v20210721-1149\jre\bin\zip.dll
0x00007ffbe9af0000 - 0x00007ffbea22f000 	C:\Windows\System32\SHELL32.dll
0x00007ffbe5460000 - 0x00007ffbe5bf0000 	C:\Windows\SYSTEM32\windows.storage.dll
0x00007ffbe8970000 - 0x00007ffbe8cc5000 	C:\Windows\System32\combase.dll
0x00007ffbe7350000 - 0x00007ffbe737c000 	C:\Windows\SYSTEM32\Wldp.dll
0x00007ffbe90b0000 - 0x00007ffbe915e000 	C:\Windows\System32\SHCORE.dll
0x00007ffbe9690000 - 0x00007ffbe96e5000 	C:\Windows\System32\shlwapi.dll
0x00007ffbe7f80000 - 0x00007ffbe7f9f000 	C:\Windows\SYSTEM32\profapi.dll
0x00007ffbc4f60000 - 0x00007ffbc4f79000 	C:\Users\usuario\.p2\pool\plugins\org.eclipse.justj.openjdk.hotspot.jre.full.win32.x86_64_16.0.2.v20210721-1149\jre\bin\net.dll
0x00007ffbde220000 - 0x00007ffbde328000 	C:\Windows\SYSTEM32\WINHTTP.dll
0x00007ffbe7220000 - 0x00007ffbe728a000 	C:\Windows\system32\mswsock.dll
0x00007ffbc48c0000 - 0x00007ffbc48d3000 	C:\Users\usuario\.p2\pool\plugins\org.eclipse.justj.openjdk.hotspot.jre.full.win32.x86_64_16.0.2.v20210721-1149\jre\bin\nio.dll
0x00007ffbe6da0000 - 0x00007ffbe6ddb000 	C:\Windows\SYSTEM32\IPHLPAPI.DLL
0x00007ffbea360000 - 0x00007ffbea368000 	C:\Windows\System32\NSI.dll
0x00007ffbdfb40000 - 0x00007ffbdfb57000 	C:\Windows\SYSTEM32\dhcpcsvc6.DLL
0x00007ffbdffe0000 - 0x00007ffbdfffd000 	C:\Windows\SYSTEM32\dhcpcsvc.DLL
0x00007ffbe6de0000 - 0x00007ffbe6eac000 	C:\Windows\SYSTEM32\DNSAPI.dll
0x00007ffbe6240000 - 0x00007ffbe6250000 	C:\Users\usuario\.p2\pool\plugins\org.eclipse.justj.openjdk.hotspot.jre.full.win32.x86_64_16.0.2.v20210721-1149\jre\bin\verify.dll

dbghelp: loaded successfully - version: 4.0.5 - missing functions: none
symbol engine: initialized successfully - sym options: 0x614 - pdb path: .;C:\Users\usuario\.p2\pool\plugins\org.eclipse.justj.openjdk.hotspot.jre.full.win32.x86_64_16.0.2.v20210721-1149\jre\bin;C:\Windows\SYSTEM32;C:\Windows\WinSxS\amd64_microsoft.windows.common-controls_6595b64144ccf1df_6.0.19041.1110_none_60b5254171f9507e;C:\Users\usuario\.p2\pool\plugins\org.eclipse.justj.openjdk.hotspot.jre.full.win32.x86_64_16.0.2.v20210721-1149\jre\bin\server

VM Arguments:
jvm_args: -ea -Dfile.encoding=UTF-8 -XX:+ShowCodeDetailsInExceptionMessages 
java_command: org.eclipse.jdt.internal.junit.runner.RemoteTestRunner -version 3 -port 59028 -testLoaderClass org.eclipse.jdt.internal.junit5.runner.JUnit5TestLoader -loaderpluginname org.eclipse.jdt.junit5.runtime -classNames org.generation.blogPessoal.repository.UserRepositoryTest
java_class_path (initial): C:\Users\usuario\Desktop\turma30java\spring\blogPessoal\target\test-classes;C:\Users\usuario\Desktop\turma30java\spring\blogPessoal\target\classes;C:\Users\usuario\.m2\repository\commons-codec\commons-codec\1.15\commons-codec-1.15.jar;C:\Users\usuario\.m2\repository\org\springframework\boot\spring-boot-starter-data-jpa\2.5.4\spring-boot-starter-data-jpa-2.5.4.jar;C:\Users\usuario\.m2\repository\org\springframework\boot\spring-boot-starter-aop\2.5.4\spring-boot-starter-aop-2.5.4.jar;C:\Users\usuario\.m2\repository\org\aspectj\aspectjweaver\1.9.7\aspectjweaver-1.9.7.jar;C:\Users\usuario\.m2\repository\org\springframework\boot\spring-boot-starter-jdbc\2.5.4\spring-boot-starter-jdbc-2.5.4.jar;C:\Users\usuario\.m2\repository\com\zaxxer\HikariCP\4.0.3\HikariCP-4.0.3.jar;C:\Users\usuario\.m2\repository\org\springframework\spring-jdbc\5.3.9\spring-jdbc-5.3.9.jar;C:\Users\usuario\.m2\repository\jakarta\transaction\jakarta.transaction-api\1.3.3\jakarta.transaction-api-1.3.3.jar;C:\Users\usuario\.m2\repository\jakarta\persistence\jakarta.persistence-api\2.2.3\jakarta.persistence-api-2.2.3.jar;C:\Users\usuario\.m2\repository\org\hibernate\hibernate-core\5.4.32.Final\hibernate-core-5.4.32.Final.jar;C:\Users\usuario\.m2\repository\org\jboss\logging\jboss-logging\3.4.2.Final\jboss-logging-3.4.2.Final.jar;C:\Users\usuario\.m2\repository\org\javassist\javassist\3.27.0-GA\javassist-3.27.0-GA.jar;C:\Users\usuario\.m2\repository\net\bytebuddy\byte-buddy\1.10.22\byte-buddy-1.10.22.jar;C:\Users\usuario\.m2\repository\antlr\antlr\2.7.7\antlr-2.7.7.jar;C:\Users\usuario\.m2\repository\org\jboss\jandex\2.2.3.Final\jandex-2.2.3.Final.jar;C:\Users\usuario\.m2\repository\com\fasterxml\classmate\1.5.1\classmate-1.5.1.jar;C:\Users\usuario\.m2\repository\org\dom4j\dom4j\2.1.3\dom4j-2.1.3.jar;C:\Users\usuario\.m2\repository\org\hibernate\common\hibernate-commons-annotations\5.1.2.Final\hibernate-commons-annotations-5.1.2.Final.jar;C:\Users\usuario\.m2\repository\org\gla
Launcher Type: SUN_STANDARD

[Global flags]
     intx CICompilerCount                          = 3                                         {product} {ergonomic}
     uint ConcGCThreads                            = 1                                         {product} {ergonomic}
     uint G1ConcRefinementThreads                  = 4                                         {product} {ergonomic}
   size_t G1HeapRegionSize                         = 1048576                                   {product} {ergonomic}
    uintx GCDrainStackTargetSize                   = 64                                        {product} {ergonomic}
   size_t InitialHeapSize                          = 132120576                                 {product} {ergonomic}
   size_t MarkStackSize                            = 4194304                                   {product} {ergonomic}
   size_t MaxHeapSize                              = 2111832064                                {product} {ergonomic}
   size_t MaxNewSize                               = 1266679808                                {product} {ergonomic}
   size_t MinHeapDeltaBytes                        = 1048576                                   {product} {ergonomic}
   size_t MinHeapSize                              = 8388608                                   {product} {ergonomic}
    uintx NonNMethodCodeHeapSize                   = 5832780                                {pd product} {ergonomic}
    uintx NonProfiledCodeHeapSize                  = 122912730                              {pd product} {ergonomic}
    uintx ProfiledCodeHeapSize                     = 122912730                              {pd product} {ergonomic}
    uintx ReservedCodeCacheSize                    = 251658240                              {pd product} {ergonomic}
     bool SegmentedCodeCache                       = true                                      {product} {ergonomic}
     bool ShowCodeDetailsInExceptionMessages       = true                                   {manageable} {command line}
   size_t SoftMaxHeapSize                          = 2111832064                             {manageable} {ergonomic}
     bool UseCompressedClassPointers               = true                           {product lp64_product} {ergonomic}
     bool UseCompressedOops                        = true                           {product lp64_product} {ergonomic}
     bool UseG1GC                                  = true                                      {product} {ergonomic}
     bool UseLargePagesIndividualAllocation        = false                                  {pd product} {ergonomic}

Logging:
Log output configuration:
 #0: stdout all=warning uptime,level,tags
 #1: stderr all=off uptime,level,tags

Environment Variables:
PATH=C:/Users/usuario/.p2/pool/plugins/org.eclipse.justj.openjdk.hotspot.jre.full.win32.x86_64_16.0.2.v20210721-1149/jre/bin/server;C:/Users/usuario/.p2/pool/plugins/org.eclipse.justj.openjdk.hotspot.jre.full.win32.x86_64_16.0.2.v20210721-1149/jre/bin;C:\Program Files (x86)\Common Files\Oracle\Java\javapath;C:\Windows\system32;C:\Windows;C:\Windows\System32\Wbem;C:\Windows\System32\WindowsPowerShell\v1.0\;C:\Windows\System32\OpenSSH\;C:\Program Files (x86)\dotnet\;C:\Program Files\Java\jdk1.8.0_291\bin;C:\ProgramData\UNIVALI\Portugol Studio;C:\Program Files\nodejs\;C:\Program Files\Git\cmd;C:\Program Files (x86)\Intel\Intel(R) Management Engine Components\DAL;C:\Program Files\Intel\Intel(R) Management Engine Components\DAL;C:\Users\usuario\AppData\Local\Microsoft\WindowsApps;C:\Users\usuario\AppData\Roaming\npm;C:\Users\usuario\AppData\Local\Programs\Microsoft VS Code\bin;C:\Users\usuario\Desktop;
USERNAME=usuario
OS=Windows_NT
PROCESSOR_IDENTIFIER=Intel64 Family 6 Model 142 Stepping 9, GenuineIntel



---------------  S Y S T E M  ---------------

OS:
 Windows 10 , 64 bit Build 19041 (10.0.19041.1151)
OS uptime: 0 days 22:00 hours

CPU: total 4 (initial active 4) (2 cores per cpu, 2 threads per core) family 6 model 142 stepping 9 microcode 0xde, cx8, cmov, fxsr, ht, mmx, 3dnowpref, sse, sse2, sse3, ssse3, sse4.1, sse4.2, popcnt, lzcnt, tsc, tscinvbit, avx, avx2, aes, erms, clmul, bmi1, bmi2, adx, fma, vzeroupper, clflush, clflushopt

Memory: 4k page, system-wide physical 8053M (1992M free)
TotalPageFile size 12149M (AvailPageFile size 4M)
current process WorkingSet (physical memory assigned to process): 77M, peak: 77M
current process commit charge ("private bytes"): 215M, peak: 216M

vm_info: OpenJDK 64-Bit Server VM (16.0.2+7-67) for windows-amd64 JRE (16.0.2+7-67), built on Jun  8 2021 23:21:43 by "mach5one" with MS VC++ 16.7 (VS2019)

END.
